#! /c/Source/iverilog-install/bin/vvp
:ivl_version "12.0 (devel)" "(s20150603-1539-g2693dd32b)";
:ivl_delay_selection "TYPICAL";
:vpi_time_precision + 0;
:vpi_module "C:\iverilog\lib\ivl\system.vpi";
:vpi_module "C:\iverilog\lib\ivl\vhdl_sys.vpi";
:vpi_module "C:\iverilog\lib\ivl\vhdl_textio.vpi";
:vpi_module "C:\iverilog\lib\ivl\v2005_math.vpi";
:vpi_module "C:\iverilog\lib\ivl\va_math.vpi";
S_0000028e728914e0 .scope module, "and3" "and3" 2 35;
 .timescale 0 0;
    .port_info 0 /INPUT 1 "i0";
    .port_info 1 /INPUT 1 "i1";
    .port_info 2 /INPUT 1 "i2";
    .port_info 3 /OUTPUT 1 "o";
o0000028e72940088 .functor BUFZ 1, C4<z>; HiZ drive
v0000028e7291be30_0 .net "i0", 0 0, o0000028e72940088;  0 drivers
o0000028e729400b8 .functor BUFZ 1, C4<z>; HiZ drive
v0000028e7291c290_0 .net "i1", 0 0, o0000028e729400b8;  0 drivers
o0000028e729401a8 .functor BUFZ 1, C4<z>; HiZ drive
v0000028e7291c010_0 .net "i2", 0 0, o0000028e729401a8;  0 drivers
v0000028e7291c0b0_0 .net "o", 0 0, L_0000028e72933280;  1 drivers
v0000028e7291c150_0 .net "t", 0 0, L_0000028e72932cd0;  1 drivers
S_0000028e72885c50 .scope module, "and2_0" "and2" 2 37, 2 5 0, S_0000028e728914e0;
 .timescale 0 0;
    .port_info 0 /INPUT 1 "i0";
    .port_info 1 /INPUT 1 "i1";
    .port_info 2 /OUTPUT 1 "o";
L_0000028e72932cd0 .functor AND 1, o0000028e72940088, o0000028e729400b8, C4<1>, C4<1>;
v0000028e7291b890_0 .net "i0", 0 0, o0000028e72940088;  alias, 0 drivers
v0000028e7291b930_0 .net "i1", 0 0, o0000028e729400b8;  alias, 0 drivers
v0000028e7291ba70_0 .net "o", 0 0, L_0000028e72932cd0;  alias, 1 drivers
S_0000028e72885de0 .scope module, "and2_1" "and2" 2 38, 2 5 0, S_0000028e728914e0;
 .timescale 0 0;
    .port_info 0 /INPUT 1 "i0";
    .port_info 1 /INPUT 1 "i1";
    .port_info 2 /OUTPUT 1 "o";
L_0000028e72933280 .functor AND 1, o0000028e729401a8, L_0000028e72932cd0, C4<1>, C4<1>;
v0000028e7291bb10_0 .net "i0", 0 0, o0000028e729401a8;  alias, 0 drivers
v0000028e7291bcf0_0 .net "i1", 0 0, L_0000028e72932cd0;  alias, 1 drivers
v0000028e7291bd90_0 .net "o", 0 0, L_0000028e72933280;  alias, 1 drivers
S_0000028e72891670 .scope module, "counter" "counter" 3 9;
 .timescale 0 0;
    .port_info 0 /INPUT 1 "clk";
    .port_info 1 /INPUT 1 "clear";
    .port_info 2 /INPUT 1 "load";
    .port_info 3 /INPUT 1 "count";
    .port_info 4 /INPUT 4 "i";
    .port_info 5 /OUTPUT 1 "cout";
    .port_info 6 /OUTPUT 4 "a";
o0000028e72940568 .functor BUFZ 1, C4<z>; HiZ drive
L_0000028e72932790 .functor NOT 1, o0000028e72940568, C4<0>, C4<0>, C4<0>;
L_0000028e729331a0 .functor NOT 1, L_0000028e729a8b90, C4<0>, C4<0>, C4<0>;
L_0000028e729328e0 .functor NOT 1, L_0000028e729aa030, C4<0>, C4<0>, C4<0>;
o0000028e72942398 .functor BUFZ 1, C4<z>; HiZ drive
L_0000028e72932fe0 .functor AND 1, L_0000028e729a8ff0, o0000028e72942398, C4<1>, C4<1>;
L_0000028e72932c60 .functor NOT 1, L_0000028e729a8af0, C4<0>, C4<0>, C4<0>;
L_0000028e728f1080 .functor AND 1, L_0000028e729a94f0, L_0000028e729aa5d0, C4<1>, C4<1>;
L_0000028e729b0cd0 .functor NOT 1, L_0000028e729a8c30, C4<0>, C4<0>, C4<0>;
o0000028e72942608 .functor BUFZ 1, C4<z>; HiZ drive
L_0000028e729b0560 .functor AND 1, L_0000028e729b0c60, o0000028e72942608, C4<1>, C4<1>;
L_0000028e729b0720 .functor AND 1, L_0000028e729a9f90, L_0000028e729aa850, C4<1>, C4<1>;
L_0000028e729b0c60 .functor AND 1, L_0000028e729b0720, L_0000028e729a8cd0, C4<1>, C4<1>;
L_0000028e729b04f0 .functor AND 1, L_0000028e729a9770, L_0000028e729a9810, C4<1>, C4<1>;
L_0000028e729b0a30 .functor AND 1, L_0000028e729b04f0, L_0000028e729aa0d0, C4<1>, C4<1>;
L_0000028e729b0f00 .functor AND 1, L_0000028e729b0a30, L_0000028e729a98b0, C4<1>, C4<1>;
v0000028e7298c020_0 .net *"_ivl_13", 0 0, L_0000028e729aa030;  1 drivers
v0000028e7298a360_0 .net *"_ivl_17", 0 0, L_0000028e729a8ff0;  1 drivers
v0000028e7298a400_0 .net *"_ivl_23", 0 0, L_0000028e729a8af0;  1 drivers
v0000028e729904d0_0 .net *"_ivl_27", 0 0, L_0000028e729a94f0;  1 drivers
v0000028e72990570_0 .net *"_ivl_29", 0 0, L_0000028e729aa5d0;  1 drivers
v0000028e729911f0_0 .net *"_ivl_37", 0 0, L_0000028e729a8c30;  1 drivers
v0000028e72990e30_0 .net *"_ivl_41", 0 0, L_0000028e729a9f90;  1 drivers
v0000028e72991790_0 .net *"_ivl_43", 0 0, L_0000028e729aa850;  1 drivers
v0000028e72991830_0 .net *"_ivl_44", 0 0, L_0000028e729b0720;  1 drivers
v0000028e72990ed0_0 .net *"_ivl_47", 0 0, L_0000028e729a8cd0;  1 drivers
v0000028e72990a70_0 .net *"_ivl_48", 0 0, L_0000028e729b0c60;  1 drivers
v0000028e72990c50_0 .net *"_ivl_5", 0 0, L_0000028e729a8b90;  1 drivers
v0000028e72991fb0_0 .net *"_ivl_54", 0 0, L_0000028e729a9770;  1 drivers
v0000028e729913d0_0 .net *"_ivl_56", 0 0, L_0000028e729a9810;  1 drivers
v0000028e729915b0_0 .net *"_ivl_57", 0 0, L_0000028e729b04f0;  1 drivers
v0000028e72990f70_0 .net *"_ivl_60", 0 0, L_0000028e729aa0d0;  1 drivers
v0000028e729901b0_0 .net *"_ivl_61", 0 0, L_0000028e729b0a30;  1 drivers
v0000028e729907f0_0 .net *"_ivl_64", 0 0, L_0000028e729a98b0;  1 drivers
v0000028e72991010_0 .net "a", 3 0, L_0000028e729a96d0;  1 drivers
o0000028e72940f58 .functor BUFZ 1, C4<z>; HiZ drive
v0000028e72990b10_0 .net "clear", 0 0, o0000028e72940f58;  0 drivers
o0000028e72940e38 .functor BUFZ 1, C4<z>; HiZ drive
v0000028e72991f10_0 .net "clk", 0 0, o0000028e72940e38;  0 drivers
o0000028e72940388 .functor BUFZ 1, C4<z>; HiZ drive
v0000028e72990bb0_0 .net "count", 0 0, o0000028e72940388;  0 drivers
v0000028e729910b0_0 .net "cout", 0 0, L_0000028e729b0f00;  1 drivers
o0000028e72942b18 .functor BUFZ 4, C4<zzzz>; HiZ drive
v0000028e72990610_0 .net "i", 3 0, o0000028e72942b18;  0 drivers
v0000028e72990430_0 .net "load", 0 0, o0000028e72940568;  0 drivers
v0000028e72990cf0_0 .net "w1", 0 0, L_0000028e72932790;  1 drivers
v0000028e72991b50_0 .net "w10", 0 0, L_0000028e729b0480;  1 drivers
v0000028e72991650_0 .net "w11", 0 0, L_0000028e729332f0;  1 drivers
v0000028e72991510_0 .net "w12", 0 0, L_0000028e72933050;  1 drivers
v0000028e72991150_0 .net "w13", 0 0, o0000028e72942398;  0 drivers
v0000028e729906b0_0 .net "w14", 0 0, L_0000028e729329c0;  1 drivers
v0000028e729916f0_0 .net "w15", 0 0, L_0000028e72932e20;  1 drivers
v0000028e72991290_0 .net "w16", 0 0, L_0000028e72932d40;  1 drivers
v0000028e72990750_0 .net "w17", 0 0, L_0000028e728f12b0;  1 drivers
v0000028e72991330_0 .net "w18", 0 0, L_0000028e728f0c90;  1 drivers
v0000028e72990390_0 .net "w19", 0 0, o0000028e72942608;  0 drivers
RS_0000028e729403b8 .resolv tri, L_0000028e72932bf0, L_0000028e72932fe0, L_0000028e729b0560;
v0000028e72991470_0 .net8 "w2", 0 0, RS_0000028e729403b8;  3 drivers
v0000028e72990d90_0 .net "w20", 0 0, L_0000028e729b1050;  1 drivers
v0000028e72991970_0 .net "w21", 0 0, L_0000028e729b0d40;  1 drivers
v0000028e72991a10_0 .net "w3", 0 0, L_0000028e72932f70;  1 drivers
v0000028e729918d0_0 .net "w4", 0 0, L_0000028e72932a30;  1 drivers
v0000028e72991dd0_0 .net "w5", 0 0, L_0000028e72933670;  1 drivers
v0000028e72991bf0_0 .net "w6", 0 0, L_0000028e72932870;  1 drivers
v0000028e72990890_0 .net "w7", 0 0, L_0000028e729330c0;  1 drivers
v0000028e72991ab0_0 .net "w8", 0 0, L_0000028e72932b80;  1 drivers
v0000028e72991c90_0 .net "w9", 0 0, L_0000028e729b09c0;  1 drivers
L_0000028e729aa490 .part o0000028e72942b18, 0, 1;
L_0000028e729a8b90 .part o0000028e72942b18, 0, 1;
L_0000028e729a9d10 .part o0000028e72942b18, 1, 1;
L_0000028e729aa030 .part o0000028e72942b18, 1, 1;
L_0000028e729a8ff0 .part L_0000028e729a96d0, 0, 1;
L_0000028e729a91d0 .part o0000028e72942b18, 2, 1;
L_0000028e729a8af0 .part o0000028e72942b18, 2, 1;
L_0000028e729a94f0 .part L_0000028e729a96d0, 0, 1;
L_0000028e729aa5d0 .part L_0000028e729a96d0, 1, 1;
L_0000028e729a9e50 .part o0000028e72942b18, 3, 1;
L_0000028e729a8c30 .part o0000028e72942b18, 3, 1;
L_0000028e729a9f90 .part L_0000028e729a96d0, 0, 1;
L_0000028e729aa850 .part L_0000028e729a96d0, 1, 1;
L_0000028e729a8cd0 .part L_0000028e729a96d0, 2, 1;
L_0000028e729a96d0 .concat8 [ 1 1 1 1], v0000028e7293e2a0_0, v0000028e72986340_0, v0000028e72987f60_0, v0000028e7298aea0_0;
L_0000028e729a9770 .part L_0000028e729a96d0, 0, 1;
L_0000028e729a9810 .part L_0000028e729a96d0, 1, 1;
L_0000028e729aa0d0 .part L_0000028e729a96d0, 2, 1;
L_0000028e729a98b0 .part L_0000028e729a96d0, 3, 1;
S_0000028e7288ca90 .scope module, "a1" "and2" 3 17, 2 5 0, S_0000028e72891670;
 .timescale 0 0;
    .port_info 0 /INPUT 1 "i0";
    .port_info 1 /INPUT 1 "i1";
    .port_info 2 /OUTPUT 1 "o";
L_0000028e72932bf0 .functor AND 1, L_0000028e72932790, o0000028e72940388, C4<1>, C4<1>;
v0000028e728f4500_0 .net "i0", 0 0, L_0000028e72932790;  alias, 1 drivers
v0000028e728f55e0_0 .net "i1", 0 0, o0000028e72940388;  alias, 0 drivers
v0000028e728efca0_0 .net8 "o", 0 0, RS_0000028e729403b8;  alias, 3 drivers
S_0000028e7288cc20 .scope module, "a11" "and2" 3 34, 2 5 0, S_0000028e72891670;
 .timescale 0 0;
    .port_info 0 /INPUT 1 "i0";
    .port_info 1 /INPUT 1 "i1";
    .port_info 2 /OUTPUT 1 "o";
L_0000028e72932d40 .functor AND 1, RS_0000028e729403b8, L_0000028e728f1080, C4<1>, C4<1>;
v0000028e7293db20_0 .net8 "i0", 0 0, RS_0000028e729403b8;  alias, 3 drivers
v0000028e7293d4e0_0 .net "i1", 0 0, L_0000028e728f1080;  1 drivers
v0000028e7293e5c0_0 .net "o", 0 0, L_0000028e72932d40;  alias, 1 drivers
S_0000028e7293ebe0 .scope module, "a2" "and2" 3 19, 2 5 0, S_0000028e72891670;
 .timescale 0 0;
    .port_info 0 /INPUT 1 "i0";
    .port_info 1 /INPUT 1 "i1";
    .port_info 2 /OUTPUT 1 "o";
L_0000028e72932f70 .functor AND 1, o0000028e72940568, L_0000028e729aa490, C4<1>, C4<1>;
v0000028e7293d760_0 .net "i0", 0 0, o0000028e72940568;  alias, 0 drivers
v0000028e7293eac0_0 .net "i1", 0 0, L_0000028e729aa490;  1 drivers
v0000028e7293e340_0 .net "o", 0 0, L_0000028e72932f70;  alias, 1 drivers
S_0000028e7293ed70 .scope module, "a3" "and2" 3 20, 2 5 0, S_0000028e72891670;
 .timescale 0 0;
    .port_info 0 /INPUT 1 "i0";
    .port_info 1 /INPUT 1 "i1";
    .port_info 2 /OUTPUT 1 "o";
L_0000028e72932a30 .functor AND 1, o0000028e72940568, L_0000028e729331a0, C4<1>, C4<1>;
v0000028e7293d300_0 .net "i0", 0 0, o0000028e72940568;  alias, 0 drivers
v0000028e7293da80_0 .net "i1", 0 0, L_0000028e729331a0;  1 drivers
v0000028e7293dbc0_0 .net "o", 0 0, L_0000028e72932a30;  alias, 1 drivers
S_0000028e7288fdc0 .scope module, "a4" "and2" 3 25, 2 5 0, S_0000028e72891670;
 .timescale 0 0;
    .port_info 0 /INPUT 1 "i0";
    .port_info 1 /INPUT 1 "i1";
    .port_info 2 /OUTPUT 1 "o";
L_0000028e72933670 .functor AND 1, o0000028e72940568, L_0000028e729a9d10, C4<1>, C4<1>;
v0000028e7293d580_0 .net "i0", 0 0, o0000028e72940568;  alias, 0 drivers
v0000028e7293d6c0_0 .net "i1", 0 0, L_0000028e729a9d10;  1 drivers
v0000028e7293ea20_0 .net "o", 0 0, L_0000028e72933670;  alias, 1 drivers
S_0000028e72985470 .scope module, "a5" "and2" 3 26, 2 5 0, S_0000028e72891670;
 .timescale 0 0;
    .port_info 0 /INPUT 1 "i0";
    .port_info 1 /INPUT 1 "i1";
    .port_info 2 /OUTPUT 1 "o";
L_0000028e72932870 .functor AND 1, o0000028e72940568, L_0000028e729328e0, C4<1>, C4<1>;
v0000028e7293cc20_0 .net "i0", 0 0, o0000028e72940568;  alias, 0 drivers
v0000028e7293d260_0 .net "i1", 0 0, L_0000028e729328e0;  1 drivers
v0000028e7293e480_0 .net "o", 0 0, L_0000028e72932870;  alias, 1 drivers
S_0000028e72985600 .scope module, "a6" "and2" 3 32, 2 5 0, S_0000028e72891670;
 .timescale 0 0;
    .port_info 0 /INPUT 1 "i0";
    .port_info 1 /INPUT 1 "i1";
    .port_info 2 /OUTPUT 1 "o";
L_0000028e729330c0 .functor AND 1, o0000028e72940568, L_0000028e729a91d0, C4<1>, C4<1>;
v0000028e7293e520_0 .net "i0", 0 0, o0000028e72940568;  alias, 0 drivers
v0000028e7293ccc0_0 .net "i1", 0 0, L_0000028e729a91d0;  1 drivers
v0000028e7293d800_0 .net "o", 0 0, L_0000028e729330c0;  alias, 1 drivers
S_0000028e72985f60 .scope module, "a7" "and2" 3 33, 2 5 0, S_0000028e72891670;
 .timescale 0 0;
    .port_info 0 /INPUT 1 "i0";
    .port_info 1 /INPUT 1 "i1";
    .port_info 2 /OUTPUT 1 "o";
L_0000028e72932b80 .functor AND 1, o0000028e72940568, L_0000028e72932c60, C4<1>, C4<1>;
v0000028e7293e7a0_0 .net "i0", 0 0, o0000028e72940568;  alias, 0 drivers
v0000028e7293e840_0 .net "i1", 0 0, L_0000028e72932c60;  1 drivers
v0000028e7293e980_0 .net "o", 0 0, L_0000028e72932b80;  alias, 1 drivers
S_0000028e72985790 .scope module, "a8" "and2" 3 39, 2 5 0, S_0000028e72891670;
 .timescale 0 0;
    .port_info 0 /INPUT 1 "i0";
    .port_info 1 /INPUT 1 "i1";
    .port_info 2 /OUTPUT 1 "o";
L_0000028e729b09c0 .functor AND 1, o0000028e72940568, L_0000028e729a9e50, C4<1>, C4<1>;
v0000028e7293e8e0_0 .net "i0", 0 0, o0000028e72940568;  alias, 0 drivers
v0000028e7293e3e0_0 .net "i1", 0 0, L_0000028e729a9e50;  1 drivers
v0000028e7293ce00_0 .net "o", 0 0, L_0000028e729b09c0;  alias, 1 drivers
S_0000028e72985920 .scope module, "a9" "and2" 3 40, 2 5 0, S_0000028e72891670;
 .timescale 0 0;
    .port_info 0 /INPUT 1 "i0";
    .port_info 1 /INPUT 1 "i1";
    .port_info 2 /OUTPUT 1 "o";
L_0000028e729b0480 .functor AND 1, o0000028e72940568, L_0000028e729b0cd0, C4<1>, C4<1>;
v0000028e7293dc60_0 .net "i0", 0 0, o0000028e72940568;  alias, 0 drivers
v0000028e7293df80_0 .net "i1", 0 0, L_0000028e729b0cd0;  1 drivers
v0000028e7293e160_0 .net "o", 0 0, L_0000028e729b0480;  alias, 1 drivers
S_0000028e72985ab0 .scope module, "j1" "jk" 3 23, 3 3 0, S_0000028e72891670;
 .timescale 0 0;
    .port_info 0 /INPUT 1 "clk";
    .port_info 1 /INPUT 1 "clear";
    .port_info 2 /INPUT 1 "j";
    .port_info 3 /INPUT 1 "k";
    .port_info 4 /OUTPUT 1 "out";
L_0000028e72932800 .functor NOT 1, v0000028e7293e2a0_0, C4<0>, C4<0>, C4<0>;
L_0000028e72932e90 .functor AND 1, L_0000028e729332f0, L_0000028e72932800, C4<1>, C4<1>;
L_0000028e72932db0 .functor NOT 1, L_0000028e72933050, C4<0>, C4<0>, C4<0>;
L_0000028e72933130 .functor AND 1, L_0000028e72932db0, v0000028e7293e2a0_0, C4<1>, C4<1>;
L_0000028e729334b0 .functor OR 1, L_0000028e72932e90, L_0000028e72933130, C4<0>, C4<0>;
v0000028e7293e200_0 .net *"_ivl_0", 0 0, L_0000028e72932800;  1 drivers
v0000028e7293d620_0 .net *"_ivl_2", 0 0, L_0000028e72932e90;  1 drivers
v0000028e7293d940_0 .net *"_ivl_4", 0 0, L_0000028e72932db0;  1 drivers
v0000028e7293d9e0_0 .net *"_ivl_6", 0 0, L_0000028e72933130;  1 drivers
v0000028e7293dee0_0 .net "clear", 0 0, o0000028e72940f58;  alias, 0 drivers
v0000028e7293e0c0_0 .net "clk", 0 0, o0000028e72940e38;  alias, 0 drivers
v0000028e7293de40_0 .net "j", 0 0, L_0000028e729332f0;  alias, 1 drivers
v0000028e7293e020_0 .net "k", 0 0, L_0000028e72933050;  alias, 1 drivers
v0000028e72987ec0_0 .net "out", 0 0, v0000028e7293e2a0_0;  1 drivers
S_0000028e72985c40 .scope module, "d1" "dfr" 3 6, 2 114 0, S_0000028e72985ab0;
 .timescale 0 0;
    .port_info 0 /INPUT 1 "clk";
    .port_info 1 /INPUT 1 "reset";
    .port_info 2 /INPUT 1 "in";
    .port_info 3 /OUTPUT 1 "out";
v0000028e7293cf40_0 .net "clk", 0 0, o0000028e72940e38;  alias, 0 drivers
v0000028e7293d440_0 .net "df_in", 0 0, L_0000028e72933590;  1 drivers
v0000028e7293cfe0_0 .net "in", 0 0, L_0000028e729334b0;  1 drivers
v0000028e7293dda0_0 .net "out", 0 0, v0000028e7293e2a0_0;  alias, 1 drivers
v0000028e7293d080_0 .net "reset", 0 0, o0000028e72940f58;  alias, 0 drivers
v0000028e7293d1c0_0 .net "reset_", 0 0, L_0000028e729aa530;  1 drivers
S_0000028e72985dd0 .scope module, "and2_0" "and2" 2 117, 2 5 0, S_0000028e72985c40;
 .timescale 0 0;
    .port_info 0 /INPUT 1 "i0";
    .port_info 1 /INPUT 1 "i1";
    .port_info 2 /OUTPUT 1 "o";
L_0000028e72933590 .functor AND 1, L_0000028e729334b0, L_0000028e729aa530, C4<1>, C4<1>;
v0000028e7293e660_0 .net "i0", 0 0, L_0000028e729334b0;  alias, 1 drivers
v0000028e7293cd60_0 .net "i1", 0 0, L_0000028e729aa530;  alias, 1 drivers
v0000028e7293d8a0_0 .net "o", 0 0, L_0000028e72933590;  alias, 1 drivers
S_0000028e72985150 .scope module, "df_0" "df" 2 118, 2 108 0, S_0000028e72985c40;
 .timescale 0 0;
    .port_info 0 /INPUT 1 "clk";
    .port_info 1 /INPUT 1 "in";
    .port_info 2 /OUTPUT 1 "out";
v0000028e7293d3a0_0 .net "clk", 0 0, o0000028e72940e38;  alias, 0 drivers
v0000028e7293e2a0_0 .var "df_out", 0 0;
v0000028e7293dd00_0 .net "in", 0 0, L_0000028e72933590;  alias, 1 drivers
v0000028e7293cea0_0 .net "out", 0 0, v0000028e7293e2a0_0;  alias, 1 drivers
E_0000028e7292b210 .event posedge, v0000028e7293d3a0_0;
S_0000028e729852e0 .scope module, "invert_0" "invert" 2 116, 2 1 0, S_0000028e72985c40;
 .timescale 0 0;
    .port_info 0 /INPUT 1 "i";
    .port_info 1 /OUTPUT 1 "o";
v0000028e7293d120_0 .net "i", 0 0, o0000028e72940f58;  alias, 0 drivers
v0000028e7293e700_0 .net "o", 0 0, L_0000028e729aa530;  alias, 1 drivers
L_0000028e729aa530 .reduce/nor o0000028e72940f58;
S_0000028e72989a70 .scope module, "j2" "jk" 3 30, 3 3 0, S_0000028e72891670;
 .timescale 0 0;
    .port_info 0 /INPUT 1 "clk";
    .port_info 1 /INPUT 1 "clear";
    .port_info 2 /INPUT 1 "j";
    .port_info 3 /INPUT 1 "k";
    .port_info 4 /OUTPUT 1 "out";
L_0000028e72933520 .functor NOT 1, v0000028e72986340_0, C4<0>, C4<0>, C4<0>;
L_0000028e72932950 .functor AND 1, L_0000028e729329c0, L_0000028e72933520, C4<1>, C4<1>;
L_0000028e72933360 .functor NOT 1, L_0000028e72932e20, C4<0>, C4<0>, C4<0>;
L_0000028e72932f00 .functor AND 1, L_0000028e72933360, v0000028e72986340_0, C4<1>, C4<1>;
L_0000028e72932aa0 .functor OR 1, L_0000028e72932950, L_0000028e72932f00, C4<0>, C4<0>;
v0000028e72987ce0_0 .net *"_ivl_0", 0 0, L_0000028e72933520;  1 drivers
v0000028e72986c00_0 .net *"_ivl_2", 0 0, L_0000028e72932950;  1 drivers
v0000028e72986e80_0 .net *"_ivl_4", 0 0, L_0000028e72933360;  1 drivers
v0000028e72986d40_0 .net *"_ivl_6", 0 0, L_0000028e72932f00;  1 drivers
v0000028e72986480_0 .net "clear", 0 0, o0000028e72940f58;  alias, 0 drivers
v0000028e729863e0_0 .net "clk", 0 0, o0000028e72940e38;  alias, 0 drivers
v0000028e72987b00_0 .net "j", 0 0, L_0000028e729329c0;  alias, 1 drivers
v0000028e72987e20_0 .net "k", 0 0, L_0000028e72932e20;  alias, 1 drivers
v0000028e729872e0_0 .net "out", 0 0, v0000028e72986340_0;  1 drivers
S_0000028e72988df0 .scope module, "d1" "dfr" 3 6, 2 114 0, S_0000028e72989a70;
 .timescale 0 0;
    .port_info 0 /INPUT 1 "clk";
    .port_info 1 /INPUT 1 "reset";
    .port_info 2 /INPUT 1 "in";
    .port_info 3 /OUTPUT 1 "out";
v0000028e72987c40_0 .net "clk", 0 0, o0000028e72940e38;  alias, 0 drivers
v0000028e72986840_0 .net "df_in", 0 0, L_0000028e729333d0;  1 drivers
v0000028e72987740_0 .net "in", 0 0, L_0000028e72932aa0;  1 drivers
v0000028e72986660_0 .net "out", 0 0, v0000028e72986340_0;  alias, 1 drivers
v0000028e72986ca0_0 .net "reset", 0 0, o0000028e72940f58;  alias, 0 drivers
v0000028e72987d80_0 .net "reset_", 0 0, L_0000028e729a9450;  1 drivers
S_0000028e72989430 .scope module, "and2_0" "and2" 2 117, 2 5 0, S_0000028e72988df0;
 .timescale 0 0;
    .port_info 0 /INPUT 1 "i0";
    .port_info 1 /INPUT 1 "i1";
    .port_info 2 /OUTPUT 1 "o";
L_0000028e729333d0 .functor AND 1, L_0000028e72932aa0, L_0000028e729a9450, C4<1>, C4<1>;
v0000028e72987ba0_0 .net "i0", 0 0, L_0000028e72932aa0;  alias, 1 drivers
v0000028e729867a0_0 .net "i1", 0 0, L_0000028e729a9450;  alias, 1 drivers
v0000028e72986160_0 .net "o", 0 0, L_0000028e729333d0;  alias, 1 drivers
S_0000028e729895c0 .scope module, "df_0" "df" 2 118, 2 108 0, S_0000028e72988df0;
 .timescale 0 0;
    .port_info 0 /INPUT 1 "clk";
    .port_info 1 /INPUT 1 "in";
    .port_info 2 /OUTPUT 1 "out";
v0000028e729871a0_0 .net "clk", 0 0, o0000028e72940e38;  alias, 0 drivers
v0000028e72986340_0 .var "df_out", 0 0;
v0000028e72986de0_0 .net "in", 0 0, L_0000028e729333d0;  alias, 1 drivers
v0000028e72987240_0 .net "out", 0 0, v0000028e72986340_0;  alias, 1 drivers
S_0000028e72988f80 .scope module, "invert_0" "invert" 2 116, 2 1 0, S_0000028e72988df0;
 .timescale 0 0;
    .port_info 0 /INPUT 1 "i";
    .port_info 1 /OUTPUT 1 "o";
v0000028e72986200_0 .net "i", 0 0, o0000028e72940f58;  alias, 0 drivers
v0000028e729862a0_0 .net "o", 0 0, L_0000028e729a9450;  alias, 1 drivers
L_0000028e729a9450 .reduce/nor o0000028e72940f58;
S_0000028e72989f20 .scope module, "j3" "jk" 3 37, 3 3 0, S_0000028e72891670;
 .timescale 0 0;
    .port_info 0 /INPUT 1 "clk";
    .port_info 1 /INPUT 1 "clear";
    .port_info 2 /INPUT 1 "j";
    .port_info 3 /INPUT 1 "k";
    .port_info 4 /OUTPUT 1 "out";
L_0000028e729b0410 .functor NOT 1, v0000028e72987f60_0, C4<0>, C4<0>, C4<0>;
L_0000028e729b06b0 .functor AND 1, L_0000028e728f12b0, L_0000028e729b0410, C4<1>, C4<1>;
L_0000028e729b0950 .functor NOT 1, L_0000028e728f0c90, C4<0>, C4<0>, C4<0>;
L_0000028e729b0330 .functor AND 1, L_0000028e729b0950, v0000028e72987f60_0, C4<1>, C4<1>;
L_0000028e729b0bf0 .functor OR 1, L_0000028e729b06b0, L_0000028e729b0330, C4<0>, C4<0>;
v0000028e729879c0_0 .net *"_ivl_0", 0 0, L_0000028e729b0410;  1 drivers
v0000028e72986ac0_0 .net *"_ivl_2", 0 0, L_0000028e729b06b0;  1 drivers
v0000028e72986b60_0 .net *"_ivl_4", 0 0, L_0000028e729b0950;  1 drivers
v0000028e72986fc0_0 .net *"_ivl_6", 0 0, L_0000028e729b0330;  1 drivers
v0000028e72987060_0 .net "clear", 0 0, o0000028e72940f58;  alias, 0 drivers
v0000028e72987600_0 .net "clk", 0 0, o0000028e72940e38;  alias, 0 drivers
v0000028e72987100_0 .net "j", 0 0, L_0000028e728f12b0;  alias, 1 drivers
v0000028e729877e0_0 .net "k", 0 0, L_0000028e728f0c90;  alias, 1 drivers
v0000028e72987880_0 .net "out", 0 0, v0000028e72987f60_0;  1 drivers
S_0000028e729887b0 .scope module, "d1" "dfr" 3 6, 2 114 0, S_0000028e72989f20;
 .timescale 0 0;
    .port_info 0 /INPUT 1 "clk";
    .port_info 1 /INPUT 1 "reset";
    .port_info 2 /INPUT 1 "in";
    .port_info 3 /OUTPUT 1 "out";
v0000028e72986a20_0 .net "clk", 0 0, o0000028e72940e38;  alias, 0 drivers
v0000028e72986f20_0 .net "df_in", 0 0, L_0000028e729b0b80;  1 drivers
v0000028e72987a60_0 .net "in", 0 0, L_0000028e729b0bf0;  1 drivers
v0000028e729874c0_0 .net "out", 0 0, v0000028e72987f60_0;  alias, 1 drivers
v0000028e729876a0_0 .net "reset", 0 0, o0000028e72940f58;  alias, 0 drivers
v0000028e72987560_0 .net "reset_", 0 0, L_0000028e729a9590;  1 drivers
S_0000028e72989110 .scope module, "and2_0" "and2" 2 117, 2 5 0, S_0000028e729887b0;
 .timescale 0 0;
    .port_info 0 /INPUT 1 "i0";
    .port_info 1 /INPUT 1 "i1";
    .port_info 2 /OUTPUT 1 "o";
L_0000028e729b0b80 .functor AND 1, L_0000028e729b0bf0, L_0000028e729a9590, C4<1>, C4<1>;
v0000028e72986520_0 .net "i0", 0 0, L_0000028e729b0bf0;  alias, 1 drivers
v0000028e72987380_0 .net "i1", 0 0, L_0000028e729a9590;  alias, 1 drivers
v0000028e729865c0_0 .net "o", 0 0, L_0000028e729b0b80;  alias, 1 drivers
S_0000028e729892a0 .scope module, "df_0" "df" 2 118, 2 108 0, S_0000028e729887b0;
 .timescale 0 0;
    .port_info 0 /INPUT 1 "clk";
    .port_info 1 /INPUT 1 "in";
    .port_info 2 /OUTPUT 1 "out";
v0000028e72986700_0 .net "clk", 0 0, o0000028e72940e38;  alias, 0 drivers
v0000028e72987f60_0 .var "df_out", 0 0;
v0000028e729868e0_0 .net "in", 0 0, L_0000028e729b0b80;  alias, 1 drivers
v0000028e72987420_0 .net "out", 0 0, v0000028e72987f60_0;  alias, 1 drivers
S_0000028e72989c00 .scope module, "invert_0" "invert" 2 116, 2 1 0, S_0000028e729887b0;
 .timescale 0 0;
    .port_info 0 /INPUT 1 "i";
    .port_info 1 /OUTPUT 1 "o";
v0000028e72988000_0 .net "i", 0 0, o0000028e72940f58;  alias, 0 drivers
v0000028e72986980_0 .net "o", 0 0, L_0000028e729a9590;  alias, 1 drivers
L_0000028e729a9590 .reduce/nor o0000028e72940f58;
S_0000028e72988620 .scope module, "j4" "jk" 3 44, 3 3 0, S_0000028e72891670;
 .timescale 0 0;
    .port_info 0 /INPUT 1 "clk";
    .port_info 1 /INPUT 1 "clear";
    .port_info 2 /INPUT 1 "j";
    .port_info 3 /INPUT 1 "k";
    .port_info 4 /OUTPUT 1 "out";
L_0000028e729b0fe0 .functor NOT 1, v0000028e7298aea0_0, C4<0>, C4<0>, C4<0>;
L_0000028e729b10c0 .functor AND 1, L_0000028e729b1050, L_0000028e729b0fe0, C4<1>, C4<1>;
L_0000028e729b03a0 .functor NOT 1, L_0000028e729b0d40, C4<0>, C4<0>, C4<0>;
L_0000028e729b05d0 .functor AND 1, L_0000028e729b03a0, v0000028e7298aea0_0, C4<1>, C4<1>;
L_0000028e729b0db0 .functor OR 1, L_0000028e729b10c0, L_0000028e729b05d0, C4<0>, C4<0>;
v0000028e7298ba80_0 .net *"_ivl_0", 0 0, L_0000028e729b0fe0;  1 drivers
v0000028e7298b440_0 .net *"_ivl_2", 0 0, L_0000028e729b10c0;  1 drivers
v0000028e7298a5e0_0 .net *"_ivl_4", 0 0, L_0000028e729b03a0;  1 drivers
v0000028e7298ad60_0 .net *"_ivl_6", 0 0, L_0000028e729b05d0;  1 drivers
v0000028e7298afe0_0 .net "clear", 0 0, o0000028e72940f58;  alias, 0 drivers
v0000028e7298a2c0_0 .net "clk", 0 0, o0000028e72940e38;  alias, 0 drivers
v0000028e7298b940_0 .net "j", 0 0, L_0000028e729b1050;  alias, 1 drivers
v0000028e7298b080_0 .net "k", 0 0, L_0000028e729b0d40;  alias, 1 drivers
v0000028e7298bee0_0 .net "out", 0 0, v0000028e7298aea0_0;  1 drivers
S_0000028e72989750 .scope module, "d1" "dfr" 3 6, 2 114 0, S_0000028e72988620;
 .timescale 0 0;
    .port_info 0 /INPUT 1 "clk";
    .port_info 1 /INPUT 1 "reset";
    .port_info 2 /INPUT 1 "in";
    .port_info 3 /OUTPUT 1 "out";
v0000028e7298a720_0 .net "clk", 0 0, o0000028e72940e38;  alias, 0 drivers
v0000028e7298bb20_0 .net "df_in", 0 0, L_0000028e729b0e90;  1 drivers
v0000028e7298a220_0 .net "in", 0 0, L_0000028e729b0db0;  1 drivers
v0000028e7298aae0_0 .net "out", 0 0, v0000028e7298aea0_0;  alias, 1 drivers
v0000028e7298af40_0 .net "reset", 0 0, o0000028e72940f58;  alias, 0 drivers
v0000028e7298a540_0 .net "reset_", 0 0, L_0000028e729a8d70;  1 drivers
S_0000028e729898e0 .scope module, "and2_0" "and2" 2 117, 2 5 0, S_0000028e72989750;
 .timescale 0 0;
    .port_info 0 /INPUT 1 "i0";
    .port_info 1 /INPUT 1 "i1";
    .port_info 2 /OUTPUT 1 "o";
L_0000028e729b0e90 .functor AND 1, L_0000028e729b0db0, L_0000028e729a8d70, C4<1>, C4<1>;
v0000028e72987920_0 .net "i0", 0 0, L_0000028e729b0db0;  alias, 1 drivers
v0000028e7298ae00_0 .net "i1", 0 0, L_0000028e729a8d70;  alias, 1 drivers
v0000028e7298a860_0 .net "o", 0 0, L_0000028e729b0e90;  alias, 1 drivers
S_0000028e72989d90 .scope module, "df_0" "df" 2 118, 2 108 0, S_0000028e72989750;
 .timescale 0 0;
    .port_info 0 /INPUT 1 "clk";
    .port_info 1 /INPUT 1 "in";
    .port_info 2 /OUTPUT 1 "out";
v0000028e7298a4a0_0 .net "clk", 0 0, o0000028e72940e38;  alias, 0 drivers
v0000028e7298aea0_0 .var "df_out", 0 0;
v0000028e7298aa40_0 .net "in", 0 0, L_0000028e729b0e90;  alias, 1 drivers
v0000028e7298ac20_0 .net "out", 0 0, v0000028e7298aea0_0;  alias, 1 drivers
S_0000028e72988170 .scope module, "invert_0" "invert" 2 116, 2 1 0, S_0000028e72989750;
 .timescale 0 0;
    .port_info 0 /INPUT 1 "i";
    .port_info 1 /OUTPUT 1 "o";
v0000028e7298a7c0_0 .net "i", 0 0, o0000028e72940f58;  alias, 0 drivers
v0000028e7298b800_0 .net "o", 0 0, L_0000028e729a8d70;  alias, 1 drivers
L_0000028e729a8d70 .reduce/nor o0000028e72940f58;
S_0000028e72988300 .scope module, "o1" "or2" 3 21, 2 9 0, S_0000028e72891670;
 .timescale 0 0;
    .port_info 0 /INPUT 1 "i0";
    .port_info 1 /INPUT 1 "i1";
    .port_info 2 /OUTPUT 1 "o";
L_0000028e729332f0 .functor OR 1, RS_0000028e729403b8, L_0000028e72932f70, C4<0>, C4<0>;
v0000028e7298a680_0 .net8 "i0", 0 0, RS_0000028e729403b8;  alias, 3 drivers
v0000028e7298be40_0 .net "i1", 0 0, L_0000028e72932f70;  alias, 1 drivers
v0000028e7298acc0_0 .net "o", 0 0, L_0000028e729332f0;  alias, 1 drivers
S_0000028e72988c60 .scope module, "o2" "or2" 3 22, 2 9 0, S_0000028e72891670;
 .timescale 0 0;
    .port_info 0 /INPUT 1 "i0";
    .port_info 1 /INPUT 1 "i1";
    .port_info 2 /OUTPUT 1 "o";
L_0000028e72933050 .functor OR 1, RS_0000028e729403b8, L_0000028e72932a30, C4<0>, C4<0>;
v0000028e7298b300_0 .net8 "i0", 0 0, RS_0000028e729403b8;  alias, 3 drivers
v0000028e7298a900_0 .net "i1", 0 0, L_0000028e72932a30;  alias, 1 drivers
v0000028e7298bf80_0 .net "o", 0 0, L_0000028e72933050;  alias, 1 drivers
S_0000028e72988490 .scope module, "o3" "or2" 3 28, 2 9 0, S_0000028e72891670;
 .timescale 0 0;
    .port_info 0 /INPUT 1 "i0";
    .port_info 1 /INPUT 1 "i1";
    .port_info 2 /OUTPUT 1 "o";
L_0000028e729329c0 .functor OR 1, o0000028e72942398, L_0000028e72933670, C4<0>, C4<0>;
v0000028e7298a9a0_0 .net "i0", 0 0, o0000028e72942398;  alias, 0 drivers
v0000028e7298b120_0 .net "i1", 0 0, L_0000028e72933670;  alias, 1 drivers
v0000028e7298bda0_0 .net "o", 0 0, L_0000028e729329c0;  alias, 1 drivers
S_0000028e72988940 .scope module, "o4" "or2" 3 29, 2 9 0, S_0000028e72891670;
 .timescale 0 0;
    .port_info 0 /INPUT 1 "i0";
    .port_info 1 /INPUT 1 "i1";
    .port_info 2 /OUTPUT 1 "o";
L_0000028e72932e20 .functor OR 1, o0000028e72942398, L_0000028e72932870, C4<0>, C4<0>;
v0000028e7298ab80_0 .net "i0", 0 0, o0000028e72942398;  alias, 0 drivers
v0000028e7298b1c0_0 .net "i1", 0 0, L_0000028e72932870;  alias, 1 drivers
v0000028e7298b260_0 .net "o", 0 0, L_0000028e72932e20;  alias, 1 drivers
S_0000028e72988ad0 .scope module, "o5" "or2" 3 35, 2 9 0, S_0000028e72891670;
 .timescale 0 0;
    .port_info 0 /INPUT 1 "i0";
    .port_info 1 /INPUT 1 "i1";
    .port_info 2 /OUTPUT 1 "o";
L_0000028e728f12b0 .functor OR 1, L_0000028e729330c0, L_0000028e72932d40, C4<0>, C4<0>;
v0000028e7298b3a0_0 .net "i0", 0 0, L_0000028e729330c0;  alias, 1 drivers
v0000028e7298bbc0_0 .net "i1", 0 0, L_0000028e72932d40;  alias, 1 drivers
v0000028e7298b760_0 .net "o", 0 0, L_0000028e728f12b0;  alias, 1 drivers
S_0000028e7298df40 .scope module, "o6" "or2" 3 36, 2 9 0, S_0000028e72891670;
 .timescale 0 0;
    .port_info 0 /INPUT 1 "i0";
    .port_info 1 /INPUT 1 "i1";
    .port_info 2 /OUTPUT 1 "o";
L_0000028e728f0c90 .functor OR 1, L_0000028e72932b80, L_0000028e72932d40, C4<0>, C4<0>;
v0000028e7298b4e0_0 .net "i0", 0 0, L_0000028e72932b80;  alias, 1 drivers
v0000028e7298b580_0 .net "i1", 0 0, L_0000028e72932d40;  alias, 1 drivers
v0000028e7298b620_0 .net "o", 0 0, L_0000028e728f0c90;  alias, 1 drivers
S_0000028e7298cfa0 .scope module, "o7" "or2" 3 42, 2 9 0, S_0000028e72891670;
 .timescale 0 0;
    .port_info 0 /INPUT 1 "i0";
    .port_info 1 /INPUT 1 "i1";
    .port_info 2 /OUTPUT 1 "o";
L_0000028e729b1050 .functor OR 1, L_0000028e729b09c0, o0000028e72942608, C4<0>, C4<0>;
v0000028e7298b8a0_0 .net "i0", 0 0, L_0000028e729b09c0;  alias, 1 drivers
v0000028e7298a180_0 .net "i1", 0 0, o0000028e72942608;  alias, 0 drivers
v0000028e7298b6c0_0 .net "o", 0 0, L_0000028e729b1050;  alias, 1 drivers
S_0000028e7298d5e0 .scope module, "o8" "or2" 3 43, 2 9 0, S_0000028e72891670;
 .timescale 0 0;
    .port_info 0 /INPUT 1 "i0";
    .port_info 1 /INPUT 1 "i1";
    .port_info 2 /OUTPUT 1 "o";
L_0000028e729b0d40 .functor OR 1, L_0000028e729b0480, o0000028e72942608, C4<0>, C4<0>;
v0000028e7298b9e0_0 .net "i0", 0 0, L_0000028e729b0480;  alias, 1 drivers
v0000028e7298bc60_0 .net "i1", 0 0, o0000028e72942608;  alias, 0 drivers
v0000028e7298bd00_0 .net "o", 0 0, L_0000028e729b0d40;  alias, 1 drivers
S_0000028e72886660 .scope module, "demux8" "demux8" 2 101;
 .timescale 0 0;
    .port_info 0 /INPUT 1 "i";
    .port_info 1 /INPUT 1 "j2";
    .port_info 2 /INPUT 1 "j1";
    .port_info 3 /INPUT 1 "j0";
    .port_info 4 /OUTPUT 8 "o";
o0000028e72942e78 .functor BUFZ 1, C4<z>; HiZ drive
v0000028e7299e950_0 .net "i", 0 0, o0000028e72942e78;  0 drivers
o0000028e72943508 .functor BUFZ 1, C4<z>; HiZ drive
v0000028e7299ca10_0 .net "j0", 0 0, o0000028e72943508;  0 drivers
o0000028e729431d8 .functor BUFZ 1, C4<z>; HiZ drive
v0000028e7299dc30_0 .net "j1", 0 0, o0000028e729431d8;  0 drivers
o0000028e72942ea8 .functor BUFZ 1, C4<z>; HiZ drive
v0000028e7299c470_0 .net "j2", 0 0, o0000028e72942ea8;  0 drivers
v0000028e7299cab0_0 .net "o", 0 7, L_0000028e72a0ee30;  1 drivers
v0000028e7299cb50_0 .net "t0", 0 0, L_0000028e729aa8f0;  1 drivers
v0000028e7299cbf0_0 .net "t1", 0 0, L_0000028e729a82d0;  1 drivers
L_0000028e72a0ee30 .concat8 [ 4 4 0 0], L_0000028e72a0e110, L_0000028e729abcf0;
S_0000028e7298c320 .scope module, "demux2_0" "demux2" 2 103, 2 89 0, S_0000028e72886660;
 .timescale 0 0;
    .port_info 0 /INPUT 1 "i";
    .port_info 1 /INPUT 1 "j";
    .port_info 2 /OUTPUT 1 "o0";
    .port_info 3 /OUTPUT 1 "o1";
v0000028e729902f0_0 .net *"_ivl_0", 31 0, L_0000028e729a9950;  1 drivers
v0000028e72991d30_0 .net *"_ivl_12", 31 0, L_0000028e729aa990;  1 drivers
L_0000028e729b12f0 .functor BUFT 1, C4<0000000000000000000000000000000>, C4<0>, C4<0>, C4<0>;
v0000028e72991e70_0 .net *"_ivl_15", 30 0, L_0000028e729b12f0;  1 drivers
L_0000028e729b1338 .functor BUFT 1, C4<00000000000000000000000000000001>, C4<0>, C4<0>, C4<0>;
v0000028e72990930_0 .net/2u *"_ivl_16", 31 0, L_0000028e729b1338;  1 drivers
v0000028e72992050_0 .net *"_ivl_18", 0 0, L_0000028e729a8230;  1 drivers
L_0000028e729b1380 .functor BUFT 1, C4<0>, C4<0>, C4<0>, C4<0>;
v0000028e72990250_0 .net/2u *"_ivl_20", 0 0, L_0000028e729b1380;  1 drivers
L_0000028e729b1218 .functor BUFT 1, C4<0000000000000000000000000000000>, C4<0>, C4<0>, C4<0>;
v0000028e729909d0_0 .net *"_ivl_3", 30 0, L_0000028e729b1218;  1 drivers
L_0000028e729b1260 .functor BUFT 1, C4<00000000000000000000000000000000>, C4<0>, C4<0>, C4<0>;
v0000028e72992940_0 .net/2u *"_ivl_4", 31 0, L_0000028e729b1260;  1 drivers
v0000028e72993a20_0 .net *"_ivl_6", 0 0, L_0000028e729aa170;  1 drivers
L_0000028e729b12a8 .functor BUFT 1, C4<0>, C4<0>, C4<0>, C4<0>;
v0000028e72992ee0_0 .net/2u *"_ivl_8", 0 0, L_0000028e729b12a8;  1 drivers
v0000028e72993b60_0 .net "i", 0 0, o0000028e72942e78;  alias, 0 drivers
v0000028e72993d40_0 .net "j", 0 0, o0000028e72942ea8;  alias, 0 drivers
v0000028e72993700_0 .net "o0", 0 0, L_0000028e729aa8f0;  alias, 1 drivers
v0000028e72992260_0 .net "o1", 0 0, L_0000028e729a82d0;  alias, 1 drivers
L_0000028e729a9950 .concat [ 1 31 0 0], o0000028e72942ea8, L_0000028e729b1218;
L_0000028e729aa170 .cmp/eq 32, L_0000028e729a9950, L_0000028e729b1260;
L_0000028e729aa8f0 .functor MUXZ 1, L_0000028e729b12a8, o0000028e72942e78, L_0000028e729aa170, C4<>;
L_0000028e729aa990 .concat [ 1 31 0 0], o0000028e72942ea8, L_0000028e729b12f0;
L_0000028e729a8230 .cmp/eq 32, L_0000028e729aa990, L_0000028e729b1338;
L_0000028e729a82d0 .functor MUXZ 1, L_0000028e729b1380, o0000028e72942e78, L_0000028e729a8230, C4<>;
S_0000028e7298ddb0 .scope module, "demux4_0" "demux4" 2 104, 2 94 0, S_0000028e72886660;
 .timescale 0 0;
    .port_info 0 /INPUT 1 "i";
    .port_info 1 /INPUT 1 "j1";
    .port_info 2 /INPUT 1 "j0";
    .port_info 3 /OUTPUT 4 "o";
v0000028e72993020_0 .net "i", 0 0, L_0000028e729aa8f0;  alias, 1 drivers
v0000028e7299e590_0 .net "j0", 0 0, o0000028e72943508;  alias, 0 drivers
v0000028e7299e8b0_0 .net "j1", 0 0, o0000028e729431d8;  alias, 0 drivers
v0000028e7299cd30_0 .net "o", 0 3, L_0000028e729abcf0;  1 drivers
v0000028e7299daf0_0 .net "t0", 0 0, L_0000028e729ac010;  1 drivers
v0000028e7299d9b0_0 .net "t1", 0 0, L_0000028e729ab4d0;  1 drivers
L_0000028e729abcf0 .concat8 [ 1 1 1 1], L_0000028e729abc50, L_0000028e729ab1b0, L_0000028e729aaad0, L_0000028e729aadf0;
S_0000028e7298c190 .scope module, "demux2_0" "demux2" 2 96, 2 89 0, S_0000028e7298ddb0;
 .timescale 0 0;
    .port_info 0 /INPUT 1 "i";
    .port_info 1 /INPUT 1 "j";
    .port_info 2 /OUTPUT 1 "o0";
    .port_info 3 /OUTPUT 1 "o1";
v0000028e72993840_0 .net *"_ivl_0", 31 0, L_0000028e729ab390;  1 drivers
v0000028e72993160_0 .net *"_ivl_12", 31 0, L_0000028e729ac0b0;  1 drivers
L_0000028e729b14a0 .functor BUFT 1, C4<0000000000000000000000000000000>, C4<0>, C4<0>, C4<0>;
v0000028e72993e80_0 .net *"_ivl_15", 30 0, L_0000028e729b14a0;  1 drivers
L_0000028e729b14e8 .functor BUFT 1, C4<00000000000000000000000000000001>, C4<0>, C4<0>, C4<0>;
v0000028e729935c0_0 .net/2u *"_ivl_16", 31 0, L_0000028e729b14e8;  1 drivers
v0000028e72993f20_0 .net *"_ivl_18", 0 0, L_0000028e729aad50;  1 drivers
L_0000028e729b1530 .functor BUFT 1, C4<0>, C4<0>, C4<0>, C4<0>;
v0000028e72992800_0 .net/2u *"_ivl_20", 0 0, L_0000028e729b1530;  1 drivers
L_0000028e729b13c8 .functor BUFT 1, C4<0000000000000000000000000000000>, C4<0>, C4<0>, C4<0>;
v0000028e72993ac0_0 .net *"_ivl_3", 30 0, L_0000028e729b13c8;  1 drivers
L_0000028e729b1410 .functor BUFT 1, C4<00000000000000000000000000000000>, C4<0>, C4<0>, C4<0>;
v0000028e729937a0_0 .net/2u *"_ivl_4", 31 0, L_0000028e729b1410;  1 drivers
v0000028e72993fc0_0 .net *"_ivl_6", 0 0, L_0000028e729aacb0;  1 drivers
L_0000028e729b1458 .functor BUFT 1, C4<0>, C4<0>, C4<0>, C4<0>;
v0000028e72992da0_0 .net/2u *"_ivl_8", 0 0, L_0000028e729b1458;  1 drivers
v0000028e72992bc0_0 .net "i", 0 0, L_0000028e729aa8f0;  alias, 1 drivers
v0000028e72993c00_0 .net "j", 0 0, o0000028e729431d8;  alias, 0 drivers
v0000028e72992300_0 .net "o0", 0 0, L_0000028e729ac010;  alias, 1 drivers
v0000028e72993480_0 .net "o1", 0 0, L_0000028e729ab4d0;  alias, 1 drivers
L_0000028e729ab390 .concat [ 1 31 0 0], o0000028e729431d8, L_0000028e729b13c8;
L_0000028e729aacb0 .cmp/eq 32, L_0000028e729ab390, L_0000028e729b1410;
L_0000028e729ac010 .functor MUXZ 1, L_0000028e729b1458, L_0000028e729aa8f0, L_0000028e729aacb0, C4<>;
L_0000028e729ac0b0 .concat [ 1 31 0 0], o0000028e729431d8, L_0000028e729b14a0;
L_0000028e729aad50 .cmp/eq 32, L_0000028e729ac0b0, L_0000028e729b14e8;
L_0000028e729ab4d0 .functor MUXZ 1, L_0000028e729b1530, L_0000028e729aa8f0, L_0000028e729aad50, C4<>;
S_0000028e7298ce10 .scope module, "demux2_1" "demux2" 2 97, 2 89 0, S_0000028e7298ddb0;
 .timescale 0 0;
    .port_info 0 /INPUT 1 "i";
    .port_info 1 /INPUT 1 "j";
    .port_info 2 /OUTPUT 1 "o0";
    .port_info 3 /OUTPUT 1 "o1";
v0000028e72992a80_0 .net *"_ivl_0", 31 0, L_0000028e729abd90;  1 drivers
v0000028e72993660_0 .net *"_ivl_12", 31 0, L_0000028e729aae90;  1 drivers
L_0000028e729b1650 .functor BUFT 1, C4<0000000000000000000000000000000>, C4<0>, C4<0>, C4<0>;
v0000028e72993520_0 .net *"_ivl_15", 30 0, L_0000028e729b1650;  1 drivers
L_0000028e729b1698 .functor BUFT 1, C4<00000000000000000000000000000001>, C4<0>, C4<0>, C4<0>;
v0000028e729938e0_0 .net/2u *"_ivl_16", 31 0, L_0000028e729b1698;  1 drivers
v0000028e72993200_0 .net *"_ivl_18", 0 0, L_0000028e729aaf30;  1 drivers
L_0000028e729b16e0 .functor BUFT 1, C4<0>, C4<0>, C4<0>, C4<0>;
v0000028e729921c0_0 .net/2u *"_ivl_20", 0 0, L_0000028e729b16e0;  1 drivers
L_0000028e729b1578 .functor BUFT 1, C4<0000000000000000000000000000000>, C4<0>, C4<0>, C4<0>;
v0000028e72992d00_0 .net *"_ivl_3", 30 0, L_0000028e729b1578;  1 drivers
L_0000028e729b15c0 .functor BUFT 1, C4<00000000000000000000000000000000>, C4<0>, C4<0>, C4<0>;
v0000028e729923a0_0 .net/2u *"_ivl_4", 31 0, L_0000028e729b15c0;  1 drivers
v0000028e72992440_0 .net *"_ivl_6", 0 0, L_0000028e729ab110;  1 drivers
L_0000028e729b1608 .functor BUFT 1, C4<0>, C4<0>, C4<0>, C4<0>;
v0000028e729928a0_0 .net/2u *"_ivl_8", 0 0, L_0000028e729b1608;  1 drivers
v0000028e72992e40_0 .net "i", 0 0, L_0000028e729ac010;  alias, 1 drivers
v0000028e729932a0_0 .net "j", 0 0, o0000028e72943508;  alias, 0 drivers
v0000028e729924e0_0 .net "o0", 0 0, L_0000028e729aadf0;  1 drivers
v0000028e72992580_0 .net "o1", 0 0, L_0000028e729aaad0;  1 drivers
L_0000028e729abd90 .concat [ 1 31 0 0], o0000028e72943508, L_0000028e729b1578;
L_0000028e729ab110 .cmp/eq 32, L_0000028e729abd90, L_0000028e729b15c0;
L_0000028e729aadf0 .functor MUXZ 1, L_0000028e729b1608, L_0000028e729ac010, L_0000028e729ab110, C4<>;
L_0000028e729aae90 .concat [ 1 31 0 0], o0000028e72943508, L_0000028e729b1650;
L_0000028e729aaf30 .cmp/eq 32, L_0000028e729aae90, L_0000028e729b1698;
L_0000028e729aaad0 .functor MUXZ 1, L_0000028e729b16e0, L_0000028e729ac010, L_0000028e729aaf30, C4<>;
S_0000028e7298c7d0 .scope module, "demux2_2" "demux2" 2 98, 2 89 0, S_0000028e7298ddb0;
 .timescale 0 0;
    .port_info 0 /INPUT 1 "i";
    .port_info 1 /INPUT 1 "j";
    .port_info 2 /OUTPUT 1 "o0";
    .port_info 3 /OUTPUT 1 "o1";
v0000028e72993980_0 .net *"_ivl_0", 31 0, L_0000028e729abed0;  1 drivers
v0000028e72993ca0_0 .net *"_ivl_12", 31 0, L_0000028e729ab2f0;  1 drivers
L_0000028e729b1800 .functor BUFT 1, C4<0000000000000000000000000000000>, C4<0>, C4<0>, C4<0>;
v0000028e72993de0_0 .net *"_ivl_15", 30 0, L_0000028e729b1800;  1 drivers
L_0000028e729b1848 .functor BUFT 1, C4<00000000000000000000000000000001>, C4<0>, C4<0>, C4<0>;
v0000028e729929e0_0 .net/2u *"_ivl_16", 31 0, L_0000028e729b1848;  1 drivers
v0000028e72993340_0 .net *"_ivl_18", 0 0, L_0000028e729ab430;  1 drivers
L_0000028e729b1890 .functor BUFT 1, C4<0>, C4<0>, C4<0>, C4<0>;
v0000028e72992f80_0 .net/2u *"_ivl_20", 0 0, L_0000028e729b1890;  1 drivers
L_0000028e729b1728 .functor BUFT 1, C4<0000000000000000000000000000000>, C4<0>, C4<0>, C4<0>;
v0000028e729930c0_0 .net *"_ivl_3", 30 0, L_0000028e729b1728;  1 drivers
L_0000028e729b1770 .functor BUFT 1, C4<00000000000000000000000000000000>, C4<0>, C4<0>, C4<0>;
v0000028e72992620_0 .net/2u *"_ivl_4", 31 0, L_0000028e729b1770;  1 drivers
v0000028e72994060_0 .net *"_ivl_6", 0 0, L_0000028e729abbb0;  1 drivers
L_0000028e729b17b8 .functor BUFT 1, C4<0>, C4<0>, C4<0>, C4<0>;
v0000028e72992760_0 .net/2u *"_ivl_8", 0 0, L_0000028e729b17b8;  1 drivers
v0000028e729926c0_0 .net "i", 0 0, L_0000028e729ab4d0;  alias, 1 drivers
v0000028e72992b20_0 .net "j", 0 0, o0000028e72943508;  alias, 0 drivers
v0000028e729933e0_0 .net "o0", 0 0, L_0000028e729ab1b0;  1 drivers
v0000028e72992c60_0 .net "o1", 0 0, L_0000028e729abc50;  1 drivers
L_0000028e729abed0 .concat [ 1 31 0 0], o0000028e72943508, L_0000028e729b1728;
L_0000028e729abbb0 .cmp/eq 32, L_0000028e729abed0, L_0000028e729b1770;
L_0000028e729ab1b0 .functor MUXZ 1, L_0000028e729b17b8, L_0000028e729ab4d0, L_0000028e729abbb0, C4<>;
L_0000028e729ab2f0 .concat [ 1 31 0 0], o0000028e72943508, L_0000028e729b1800;
L_0000028e729ab430 .cmp/eq 32, L_0000028e729ab2f0, L_0000028e729b1848;
L_0000028e729abc50 .functor MUXZ 1, L_0000028e729b1890, L_0000028e729ab4d0, L_0000028e729ab430, C4<>;
S_0000028e7298c640 .scope module, "demux4_1" "demux4" 2 105, 2 94 0, S_0000028e72886660;
 .timescale 0 0;
    .port_info 0 /INPUT 1 "i";
    .port_info 1 /INPUT 1 "j1";
    .port_info 2 /INPUT 1 "j0";
    .port_info 3 /OUTPUT 4 "o";
v0000028e7299e630_0 .net "i", 0 0, L_0000028e729a82d0;  alias, 1 drivers
v0000028e7299d690_0 .net "j0", 0 0, o0000028e72943508;  alias, 0 drivers
v0000028e7299e6d0_0 .net "j1", 0 0, o0000028e729431d8;  alias, 0 drivers
v0000028e7299d7d0_0 .net "o", 0 3, L_0000028e72a0e110;  1 drivers
v0000028e7299e770_0 .net "t0", 0 0, L_0000028e729ab570;  1 drivers
v0000028e7299c6f0_0 .net "t1", 0 0, L_0000028e729abe30;  1 drivers
L_0000028e72a0e110 .concat8 [ 1 1 1 1], L_0000028e729aab70, L_0000028e729ab890, L_0000028e729ab930, L_0000028e729ab6b0;
S_0000028e7298d900 .scope module, "demux2_0" "demux2" 2 96, 2 89 0, S_0000028e7298c640;
 .timescale 0 0;
    .port_info 0 /INPUT 1 "i";
    .port_info 1 /INPUT 1 "j";
    .port_info 2 /OUTPUT 1 "o0";
    .port_info 3 /OUTPUT 1 "o1";
v0000028e7299cf10_0 .net *"_ivl_0", 31 0, L_0000028e729aafd0;  1 drivers
v0000028e7299cc90_0 .net *"_ivl_12", 31 0, L_0000028e729aaa30;  1 drivers
L_0000028e729b19b0 .functor BUFT 1, C4<0000000000000000000000000000000>, C4<0>, C4<0>, C4<0>;
v0000028e7299e810_0 .net *"_ivl_15", 30 0, L_0000028e729b19b0;  1 drivers
L_0000028e729b19f8 .functor BUFT 1, C4<00000000000000000000000000000001>, C4<0>, C4<0>, C4<0>;
v0000028e7299c8d0_0 .net/2u *"_ivl_16", 31 0, L_0000028e729b19f8;  1 drivers
v0000028e7299c330_0 .net *"_ivl_18", 0 0, L_0000028e729ab250;  1 drivers
L_0000028e729b1a40 .functor BUFT 1, C4<0>, C4<0>, C4<0>, C4<0>;
v0000028e7299ce70_0 .net/2u *"_ivl_20", 0 0, L_0000028e729b1a40;  1 drivers
L_0000028e729b18d8 .functor BUFT 1, C4<0000000000000000000000000000000>, C4<0>, C4<0>, C4<0>;
v0000028e7299c5b0_0 .net *"_ivl_3", 30 0, L_0000028e729b18d8;  1 drivers
L_0000028e729b1920 .functor BUFT 1, C4<00000000000000000000000000000000>, C4<0>, C4<0>, C4<0>;
v0000028e7299d730_0 .net/2u *"_ivl_4", 31 0, L_0000028e729b1920;  1 drivers
v0000028e7299d230_0 .net *"_ivl_6", 0 0, L_0000028e729aac10;  1 drivers
L_0000028e729b1968 .functor BUFT 1, C4<0>, C4<0>, C4<0>, C4<0>;
v0000028e7299de10_0 .net/2u *"_ivl_8", 0 0, L_0000028e729b1968;  1 drivers
v0000028e7299deb0_0 .net "i", 0 0, L_0000028e729a82d0;  alias, 1 drivers
v0000028e7299c650_0 .net "j", 0 0, o0000028e729431d8;  alias, 0 drivers
v0000028e7299d2d0_0 .net "o0", 0 0, L_0000028e729ab570;  alias, 1 drivers
v0000028e7299c510_0 .net "o1", 0 0, L_0000028e729abe30;  alias, 1 drivers
L_0000028e729aafd0 .concat [ 1 31 0 0], o0000028e729431d8, L_0000028e729b18d8;
L_0000028e729aac10 .cmp/eq 32, L_0000028e729aafd0, L_0000028e729b1920;
L_0000028e729ab570 .functor MUXZ 1, L_0000028e729b1968, L_0000028e729a82d0, L_0000028e729aac10, C4<>;
L_0000028e729aaa30 .concat [ 1 31 0 0], o0000028e729431d8, L_0000028e729b19b0;
L_0000028e729ab250 .cmp/eq 32, L_0000028e729aaa30, L_0000028e729b19f8;
L_0000028e729abe30 .functor MUXZ 1, L_0000028e729b1a40, L_0000028e729a82d0, L_0000028e729ab250, C4<>;
S_0000028e7298d450 .scope module, "demux2_1" "demux2" 2 97, 2 89 0, S_0000028e7298c640;
 .timescale 0 0;
    .port_info 0 /INPUT 1 "i";
    .port_info 1 /INPUT 1 "j";
    .port_info 2 /OUTPUT 1 "o0";
    .port_info 3 /OUTPUT 1 "o1";
v0000028e7299d050_0 .net *"_ivl_0", 31 0, L_0000028e729ab9d0;  1 drivers
v0000028e7299d410_0 .net *"_ivl_12", 31 0, L_0000028e729ab750;  1 drivers
L_0000028e729b1b60 .functor BUFT 1, C4<0000000000000000000000000000000>, C4<0>, C4<0>, C4<0>;
v0000028e7299db90_0 .net *"_ivl_15", 30 0, L_0000028e729b1b60;  1 drivers
L_0000028e729b1ba8 .functor BUFT 1, C4<00000000000000000000000000000001>, C4<0>, C4<0>, C4<0>;
v0000028e7299e090_0 .net/2u *"_ivl_16", 31 0, L_0000028e729b1ba8;  1 drivers
v0000028e7299cdd0_0 .net *"_ivl_18", 0 0, L_0000028e729ab7f0;  1 drivers
L_0000028e729b1bf0 .functor BUFT 1, C4<0>, C4<0>, C4<0>, C4<0>;
v0000028e7299df50_0 .net/2u *"_ivl_20", 0 0, L_0000028e729b1bf0;  1 drivers
L_0000028e729b1a88 .functor BUFT 1, C4<0000000000000000000000000000000>, C4<0>, C4<0>, C4<0>;
v0000028e7299d550_0 .net *"_ivl_3", 30 0, L_0000028e729b1a88;  1 drivers
L_0000028e729b1ad0 .functor BUFT 1, C4<00000000000000000000000000000000>, C4<0>, C4<0>, C4<0>;
v0000028e7299e1d0_0 .net/2u *"_ivl_4", 31 0, L_0000028e729b1ad0;  1 drivers
v0000028e7299dff0_0 .net *"_ivl_6", 0 0, L_0000028e729ab610;  1 drivers
L_0000028e729b1b18 .functor BUFT 1, C4<0>, C4<0>, C4<0>, C4<0>;
v0000028e7299e270_0 .net/2u *"_ivl_8", 0 0, L_0000028e729b1b18;  1 drivers
v0000028e7299e130_0 .net "i", 0 0, L_0000028e729ab570;  alias, 1 drivers
v0000028e7299cfb0_0 .net "j", 0 0, o0000028e72943508;  alias, 0 drivers
v0000028e7299d4b0_0 .net "o0", 0 0, L_0000028e729ab6b0;  1 drivers
v0000028e7299c790_0 .net "o1", 0 0, L_0000028e729ab930;  1 drivers
L_0000028e729ab9d0 .concat [ 1 31 0 0], o0000028e72943508, L_0000028e729b1a88;
L_0000028e729ab610 .cmp/eq 32, L_0000028e729ab9d0, L_0000028e729b1ad0;
L_0000028e729ab6b0 .functor MUXZ 1, L_0000028e729b1b18, L_0000028e729ab570, L_0000028e729ab610, C4<>;
L_0000028e729ab750 .concat [ 1 31 0 0], o0000028e72943508, L_0000028e729b1b60;
L_0000028e729ab7f0 .cmp/eq 32, L_0000028e729ab750, L_0000028e729b1ba8;
L_0000028e729ab930 .functor MUXZ 1, L_0000028e729b1bf0, L_0000028e729ab570, L_0000028e729ab7f0, C4<>;
S_0000028e7298d2c0 .scope module, "demux2_2" "demux2" 2 98, 2 89 0, S_0000028e7298c640;
 .timescale 0 0;
    .port_info 0 /INPUT 1 "i";
    .port_info 1 /INPUT 1 "j";
    .port_info 2 /OUTPUT 1 "o0";
    .port_info 3 /OUTPUT 1 "o1";
v0000028e7299d370_0 .net *"_ivl_0", 31 0, L_0000028e729aba70;  1 drivers
v0000028e7299c970_0 .net *"_ivl_12", 31 0, L_0000028e729abb10;  1 drivers
L_0000028e729b1d10 .functor BUFT 1, C4<0000000000000000000000000000000>, C4<0>, C4<0>, C4<0>;
v0000028e7299c830_0 .net *"_ivl_15", 30 0, L_0000028e729b1d10;  1 drivers
L_0000028e729b1d58 .functor BUFT 1, C4<00000000000000000000000000000001>, C4<0>, C4<0>, C4<0>;
v0000028e7299d870_0 .net/2u *"_ivl_16", 31 0, L_0000028e729b1d58;  1 drivers
v0000028e7299e310_0 .net *"_ivl_18", 0 0, L_0000028e729abf70;  1 drivers
L_0000028e729b1da0 .functor BUFT 1, C4<0>, C4<0>, C4<0>, C4<0>;
v0000028e7299c290_0 .net/2u *"_ivl_20", 0 0, L_0000028e729b1da0;  1 drivers
L_0000028e729b1c38 .functor BUFT 1, C4<0000000000000000000000000000000>, C4<0>, C4<0>, C4<0>;
v0000028e7299e450_0 .net *"_ivl_3", 30 0, L_0000028e729b1c38;  1 drivers
L_0000028e729b1c80 .functor BUFT 1, C4<00000000000000000000000000000000>, C4<0>, C4<0>, C4<0>;
v0000028e7299c1f0_0 .net/2u *"_ivl_4", 31 0, L_0000028e729b1c80;  1 drivers
v0000028e7299d0f0_0 .net *"_ivl_6", 0 0, L_0000028e729ab070;  1 drivers
L_0000028e729b1cc8 .functor BUFT 1, C4<0>, C4<0>, C4<0>, C4<0>;
v0000028e7299c3d0_0 .net/2u *"_ivl_8", 0 0, L_0000028e729b1cc8;  1 drivers
v0000028e7299e3b0_0 .net "i", 0 0, L_0000028e729abe30;  alias, 1 drivers
v0000028e7299e4f0_0 .net "j", 0 0, o0000028e72943508;  alias, 0 drivers
v0000028e7299d5f0_0 .net "o0", 0 0, L_0000028e729ab890;  1 drivers
v0000028e7299dd70_0 .net "o1", 0 0, L_0000028e729aab70;  1 drivers
L_0000028e729aba70 .concat [ 1 31 0 0], o0000028e72943508, L_0000028e729b1c38;
L_0000028e729ab070 .cmp/eq 32, L_0000028e729aba70, L_0000028e729b1c80;
L_0000028e729ab890 .functor MUXZ 1, L_0000028e729b1cc8, L_0000028e729abe30, L_0000028e729ab070, C4<>;
L_0000028e729abb10 .concat [ 1 31 0 0], o0000028e72943508, L_0000028e729b1d10;
L_0000028e729abf70 .cmp/eq 32, L_0000028e729abb10, L_0000028e729b1d58;
L_0000028e729aab70 .functor MUXZ 1, L_0000028e729b1da0, L_0000028e729abe30, L_0000028e729abf70, C4<>;
S_0000028e728867f0 .scope module, "dfrl" "dfrl" 2 121;
 .timescale 0 0;
    .port_info 0 /INPUT 1 "clk";
    .port_info 1 /INPUT 1 "reset";
    .port_info 2 /INPUT 1 "load";
    .port_info 3 /INPUT 1 "in";
    .port_info 4 /OUTPUT 1 "out";
v0000028e7299f7b0_0 .net "_in", 0 0, L_0000028e72a0d350;  1 drivers
o0000028e72944678 .functor BUFZ 1, C4<z>; HiZ drive
v0000028e7299ebd0_0 .net "clk", 0 0, o0000028e72944678;  0 drivers
o0000028e729449a8 .functor BUFZ 1, C4<z>; HiZ drive
v0000028e7299ec70_0 .net "in", 0 0, o0000028e729449a8;  0 drivers
o0000028e729449d8 .functor BUFZ 1, C4<z>; HiZ drive
v0000028e7299ffd0_0 .net "load", 0 0, o0000028e729449d8;  0 drivers
v0000028e7299f990_0 .net "out", 0 0, v0000028e7299fa30_0;  1 drivers
o0000028e72944798 .functor BUFZ 1, C4<z>; HiZ drive
v0000028e7299fc10_0 .net "reset", 0 0, o0000028e72944798;  0 drivers
S_0000028e7298d130 .scope module, "dfr_1" "dfr" 2 124, 2 114 0, S_0000028e728867f0;
 .timescale 0 0;
    .port_info 0 /INPUT 1 "clk";
    .port_info 1 /INPUT 1 "reset";
    .port_info 2 /INPUT 1 "in";
    .port_info 3 /OUTPUT 1 "out";
v0000028e7299f030_0 .net "clk", 0 0, o0000028e72944678;  alias, 0 drivers
v0000028e7299fdf0_0 .net "df_in", 0 0, L_0000028e729b0640;  1 drivers
v0000028e7299f710_0 .net "in", 0 0, L_0000028e72a0d350;  alias, 1 drivers
v0000028e7299edb0_0 .net "out", 0 0, v0000028e7299fa30_0;  alias, 1 drivers
v0000028e7299f490_0 .net "reset", 0 0, o0000028e72944798;  alias, 0 drivers
v0000028e7299e9f0_0 .net "reset_", 0 0, L_0000028e72a0dad0;  1 drivers
S_0000028e7298caf0 .scope module, "and2_0" "and2" 2 117, 2 5 0, S_0000028e7298d130;
 .timescale 0 0;
    .port_info 0 /INPUT 1 "i0";
    .port_info 1 /INPUT 1 "i1";
    .port_info 2 /OUTPUT 1 "o";
L_0000028e729b0640 .functor AND 1, L_0000028e72a0d350, L_0000028e72a0dad0, C4<1>, C4<1>;
v0000028e7299d190_0 .net "i0", 0 0, L_0000028e72a0d350;  alias, 1 drivers
v0000028e7299dcd0_0 .net "i1", 0 0, L_0000028e72a0dad0;  alias, 1 drivers
v0000028e7299d910_0 .net "o", 0 0, L_0000028e729b0640;  alias, 1 drivers
S_0000028e7298d770 .scope module, "df_0" "df" 2 118, 2 108 0, S_0000028e7298d130;
 .timescale 0 0;
    .port_info 0 /INPUT 1 "clk";
    .port_info 1 /INPUT 1 "in";
    .port_info 2 /OUTPUT 1 "out";
v0000028e7299da50_0 .net "clk", 0 0, o0000028e72944678;  alias, 0 drivers
v0000028e7299fa30_0 .var "df_out", 0 0;
v0000028e7299f3f0_0 .net "in", 0 0, L_0000028e729b0640;  alias, 1 drivers
v0000028e7299fad0_0 .net "out", 0 0, v0000028e7299fa30_0;  alias, 1 drivers
E_0000028e7292b490 .event posedge, v0000028e7299da50_0;
S_0000028e7298da90 .scope module, "invert_0" "invert" 2 116, 2 1 0, S_0000028e7298d130;
 .timescale 0 0;
    .port_info 0 /INPUT 1 "i";
    .port_info 1 /OUTPUT 1 "o";
v0000028e7299fcb0_0 .net "i", 0 0, o0000028e72944798;  alias, 0 drivers
v0000028e7299fd50_0 .net "o", 0 0, L_0000028e72a0dad0;  alias, 1 drivers
L_0000028e72a0dad0 .reduce/nor o0000028e72944798;
S_0000028e7298c960 .scope module, "mux2_0" "mux2" 2 123, 2 71 0, S_0000028e728867f0;
 .timescale 0 0;
    .port_info 0 /INPUT 1 "i0";
    .port_info 1 /INPUT 1 "i1";
    .port_info 2 /INPUT 1 "j";
    .port_info 3 /OUTPUT 1 "o";
v0000028e7299f5d0_0 .net *"_ivl_0", 31 0, L_0000028e72a0de90;  1 drivers
L_0000028e729b1de8 .functor BUFT 1, C4<0000000000000000000000000000000>, C4<0>, C4<0>, C4<0>;
v0000028e7299f530_0 .net *"_ivl_3", 30 0, L_0000028e729b1de8;  1 drivers
L_0000028e729b1e30 .functor BUFT 1, C4<00000000000000000000000000000000>, C4<0>, C4<0>, C4<0>;
v0000028e7299fe90_0 .net/2u *"_ivl_4", 31 0, L_0000028e729b1e30;  1 drivers
v0000028e7299fb70_0 .net *"_ivl_6", 0 0, L_0000028e72a0eed0;  1 drivers
v0000028e7299ea90_0 .net "i0", 0 0, v0000028e7299fa30_0;  alias, 1 drivers
v0000028e7299ee50_0 .net "i1", 0 0, o0000028e729449a8;  alias, 0 drivers
v0000028e7299ff30_0 .net "j", 0 0, o0000028e729449d8;  alias, 0 drivers
v0000028e7299f670_0 .net "o", 0 0, L_0000028e72a0d350;  alias, 1 drivers
L_0000028e72a0de90 .concat [ 1 31 0 0], o0000028e729449d8, L_0000028e729b1de8;
L_0000028e72a0eed0 .cmp/eq 32, L_0000028e72a0de90, L_0000028e729b1e30;
L_0000028e72a0d350 .functor MUXZ 1, o0000028e729449a8, v0000028e7299fa30_0, L_0000028e72a0eed0, C4<>;
S_0000028e728939f0 .scope module, "mux8" "mux8" 2 82;
 .timescale 0 0;
    .port_info 0 /INPUT 8 "i";
    .port_info 1 /INPUT 1 "j2";
    .port_info 2 /INPUT 1 "j1";
    .port_info 3 /INPUT 1 "j0";
    .port_info 4 /OUTPUT 1 "o";
o0000028e72945b78 .functor BUFZ 8, C4<zzzzzzzz>; HiZ drive
v0000028e729a0840_0 .net "i", 0 7, o0000028e72945b78;  0 drivers
o0000028e72944cd8 .functor BUFZ 1, C4<z>; HiZ drive
v0000028e729a2640_0 .net "j0", 0 0, o0000028e72944cd8;  0 drivers
o0000028e72945308 .functor BUFZ 1, C4<z>; HiZ drive
v0000028e729a0980_0 .net "j1", 0 0, o0000028e72945308;  0 drivers
o0000028e72944f18 .functor BUFZ 1, C4<z>; HiZ drive
v0000028e729a0a20_0 .net "j2", 0 0, o0000028e72944f18;  0 drivers
v0000028e729a0b60_0 .net "o", 0 0, L_0000028e72a0d8f0;  1 drivers
v0000028e729a0c00_0 .net "t0", 0 0, L_0000028e72a0ec50;  1 drivers
v0000028e729a0ca0_0 .net "t1", 0 0, L_0000028e72a0eb10;  1 drivers
L_0000028e72a0e610 .part o0000028e72945b78, 4, 4;
L_0000028e72a0e750 .part o0000028e72945b78, 0, 4;
S_0000028e7298cc80 .scope module, "mux2_0" "mux2" 2 86, 2 71 0, S_0000028e728939f0;
 .timescale 0 0;
    .port_info 0 /INPUT 1 "i0";
    .port_info 1 /INPUT 1 "i1";
    .port_info 2 /INPUT 1 "j";
    .port_info 3 /OUTPUT 1 "o";
v0000028e729a0070_0 .net *"_ivl_0", 31 0, L_0000028e72a0d490;  1 drivers
L_0000028e729b21d8 .functor BUFT 1, C4<0000000000000000000000000000000>, C4<0>, C4<0>, C4<0>;
v0000028e7299f850_0 .net *"_ivl_3", 30 0, L_0000028e729b21d8;  1 drivers
L_0000028e729b2220 .functor BUFT 1, C4<00000000000000000000000000000000>, C4<0>, C4<0>, C4<0>;
v0000028e7299ef90_0 .net/2u *"_ivl_4", 31 0, L_0000028e729b2220;  1 drivers
v0000028e7299eef0_0 .net *"_ivl_6", 0 0, L_0000028e72a0f150;  1 drivers
v0000028e7299f8f0_0 .net "i0", 0 0, L_0000028e72a0ec50;  alias, 1 drivers
v0000028e7299ed10_0 .net "i1", 0 0, L_0000028e72a0eb10;  alias, 1 drivers
v0000028e7299eb30_0 .net "j", 0 0, o0000028e72944cd8;  alias, 0 drivers
v0000028e7299f0d0_0 .net "o", 0 0, L_0000028e72a0d8f0;  alias, 1 drivers
L_0000028e72a0d490 .concat [ 1 31 0 0], o0000028e72944cd8, L_0000028e729b21d8;
L_0000028e72a0f150 .cmp/eq 32, L_0000028e72a0d490, L_0000028e729b2220;
L_0000028e72a0d8f0 .functor MUXZ 1, L_0000028e72a0eb10, L_0000028e72a0ec50, L_0000028e72a0f150, C4<>;
S_0000028e7298c4b0 .scope module, "mux4_0" "mux4" 2 84, 2 75 0, S_0000028e728939f0;
 .timescale 0 0;
    .port_info 0 /INPUT 4 "i";
    .port_info 1 /INPUT 1 "j1";
    .port_info 2 /INPUT 1 "j0";
    .port_info 3 /OUTPUT 1 "o";
v0000028e729a1c40_0 .net "i", 0 3, L_0000028e72a0e610;  1 drivers
v0000028e729a1ba0_0 .net "j0", 0 0, o0000028e72945308;  alias, 0 drivers
v0000028e729a1f60_0 .net "j1", 0 0, o0000028e72944f18;  alias, 0 drivers
v0000028e729a23c0_0 .net "o", 0 0, L_0000028e72a0ec50;  alias, 1 drivers
v0000028e729a2460_0 .net "t0", 0 0, L_0000028e72a0dfd0;  1 drivers
v0000028e729a1560_0 .net "t1", 0 0, L_0000028e72a0e1b0;  1 drivers
L_0000028e72a0f470 .part L_0000028e72a0e610, 3, 1;
L_0000028e72a0f330 .part L_0000028e72a0e610, 2, 1;
L_0000028e72a0ea70 .part L_0000028e72a0e610, 1, 1;
L_0000028e72a0f8d0 .part L_0000028e72a0e610, 0, 1;
S_0000028e7298dc20 .scope module, "mux2_0" "mux2" 2 77, 2 71 0, S_0000028e7298c4b0;
 .timescale 0 0;
    .port_info 0 /INPUT 1 "i0";
    .port_info 1 /INPUT 1 "i1";
    .port_info 2 /INPUT 1 "j";
    .port_info 3 /OUTPUT 1 "o";
v0000028e7299f170_0 .net *"_ivl_0", 31 0, L_0000028e72a0d530;  1 drivers
L_0000028e729b1e78 .functor BUFT 1, C4<0000000000000000000000000000000>, C4<0>, C4<0>, C4<0>;
v0000028e7299f210_0 .net *"_ivl_3", 30 0, L_0000028e729b1e78;  1 drivers
L_0000028e729b1ec0 .functor BUFT 1, C4<00000000000000000000000000000000>, C4<0>, C4<0>, C4<0>;
v0000028e7299f2b0_0 .net/2u *"_ivl_4", 31 0, L_0000028e729b1ec0;  1 drivers
v0000028e7299f350_0 .net *"_ivl_6", 0 0, L_0000028e72a0d7b0;  1 drivers
v0000028e729a0700_0 .net "i0", 0 0, L_0000028e72a0f470;  1 drivers
v0000028e729a1e20_0 .net "i1", 0 0, L_0000028e72a0f330;  1 drivers
v0000028e729a0200_0 .net "j", 0 0, o0000028e72944f18;  alias, 0 drivers
v0000028e729a1d80_0 .net "o", 0 0, L_0000028e72a0dfd0;  alias, 1 drivers
L_0000028e72a0d530 .concat [ 1 31 0 0], o0000028e72944f18, L_0000028e729b1e78;
L_0000028e72a0d7b0 .cmp/eq 32, L_0000028e72a0d530, L_0000028e729b1ec0;
L_0000028e72a0dfd0 .functor MUXZ 1, L_0000028e72a0f330, L_0000028e72a0f470, L_0000028e72a0d7b0, C4<>;
S_0000028e729a4840 .scope module, "mux2_1" "mux2" 2 78, 2 71 0, S_0000028e7298c4b0;
 .timescale 0 0;
    .port_info 0 /INPUT 1 "i0";
    .port_info 1 /INPUT 1 "i1";
    .port_info 2 /INPUT 1 "j";
    .port_info 3 /OUTPUT 1 "o";
v0000028e729a1920_0 .net *"_ivl_0", 31 0, L_0000028e72a0f290;  1 drivers
L_0000028e729b1f08 .functor BUFT 1, C4<0000000000000000000000000000000>, C4<0>, C4<0>, C4<0>;
v0000028e729a19c0_0 .net *"_ivl_3", 30 0, L_0000028e729b1f08;  1 drivers
L_0000028e729b1f50 .functor BUFT 1, C4<00000000000000000000000000000000>, C4<0>, C4<0>, C4<0>;
v0000028e729a0480_0 .net/2u *"_ivl_4", 31 0, L_0000028e729b1f50;  1 drivers
v0000028e729a07a0_0 .net *"_ivl_6", 0 0, L_0000028e72a0e070;  1 drivers
v0000028e729a26e0_0 .net "i0", 0 0, L_0000028e72a0ea70;  1 drivers
v0000028e729a0f20_0 .net "i1", 0 0, L_0000028e72a0f8d0;  1 drivers
v0000028e729a0fc0_0 .net "j", 0 0, o0000028e72944f18;  alias, 0 drivers
v0000028e729a2780_0 .net "o", 0 0, L_0000028e72a0e1b0;  alias, 1 drivers
L_0000028e72a0f290 .concat [ 1 31 0 0], o0000028e72944f18, L_0000028e729b1f08;
L_0000028e72a0e070 .cmp/eq 32, L_0000028e72a0f290, L_0000028e729b1f50;
L_0000028e72a0e1b0 .functor MUXZ 1, L_0000028e72a0f8d0, L_0000028e72a0ea70, L_0000028e72a0e070, C4<>;
S_0000028e729a57e0 .scope module, "mux2_2" "mux2" 2 79, 2 71 0, S_0000028e7298c4b0;
 .timescale 0 0;
    .port_info 0 /INPUT 1 "i0";
    .port_info 1 /INPUT 1 "i1";
    .port_info 2 /INPUT 1 "j";
    .port_info 3 /OUTPUT 1 "o";
v0000028e729a2820_0 .net *"_ivl_0", 31 0, L_0000028e72a0fa10;  1 drivers
L_0000028e729b1f98 .functor BUFT 1, C4<0000000000000000000000000000000>, C4<0>, C4<0>, C4<0>;
v0000028e729a03e0_0 .net *"_ivl_3", 30 0, L_0000028e729b1f98;  1 drivers
L_0000028e729b1fe0 .functor BUFT 1, C4<00000000000000000000000000000000>, C4<0>, C4<0>, C4<0>;
v0000028e729a2320_0 .net/2u *"_ivl_4", 31 0, L_0000028e729b1fe0;  1 drivers
v0000028e729a1a60_0 .net *"_ivl_6", 0 0, L_0000028e72a0d710;  1 drivers
v0000028e729a1ec0_0 .net "i0", 0 0, L_0000028e72a0dfd0;  alias, 1 drivers
v0000028e729a1b00_0 .net "i1", 0 0, L_0000028e72a0e1b0;  alias, 1 drivers
v0000028e729a1060_0 .net "j", 0 0, o0000028e72945308;  alias, 0 drivers
v0000028e729a11a0_0 .net "o", 0 0, L_0000028e72a0ec50;  alias, 1 drivers
L_0000028e72a0fa10 .concat [ 1 31 0 0], o0000028e72945308, L_0000028e729b1f98;
L_0000028e72a0d710 .cmp/eq 32, L_0000028e72a0fa10, L_0000028e729b1fe0;
L_0000028e72a0ec50 .functor MUXZ 1, L_0000028e72a0e1b0, L_0000028e72a0dfd0, L_0000028e72a0d710, C4<>;
S_0000028e729a5970 .scope module, "mux4_1" "mux4" 2 85, 2 75 0, S_0000028e728939f0;
 .timescale 0 0;
    .port_info 0 /INPUT 4 "i";
    .port_info 1 /INPUT 1 "j1";
    .port_info 2 /INPUT 1 "j0";
    .port_info 3 /OUTPUT 1 "o";
v0000028e729a25a0_0 .net "i", 0 3, L_0000028e72a0e750;  1 drivers
v0000028e729a0ac0_0 .net "j0", 0 0, o0000028e72945308;  alias, 0 drivers
v0000028e729a1600_0 .net "j1", 0 0, o0000028e72944f18;  alias, 0 drivers
v0000028e729a16a0_0 .net "o", 0 0, L_0000028e72a0eb10;  alias, 1 drivers
v0000028e729a1880_0 .net "t0", 0 0, L_0000028e72a0ebb0;  1 drivers
v0000028e729a0520_0 .net "t1", 0 0, L_0000028e72a0f6f0;  1 drivers
L_0000028e72a0e890 .part L_0000028e72a0e750, 3, 1;
L_0000028e72a0db70 .part L_0000028e72a0e750, 2, 1;
L_0000028e72a0e250 .part L_0000028e72a0e750, 1, 1;
L_0000028e72a0e7f0 .part L_0000028e72a0e750, 0, 1;
S_0000028e729a46b0 .scope module, "mux2_0" "mux2" 2 77, 2 71 0, S_0000028e729a5970;
 .timescale 0 0;
    .port_info 0 /INPUT 1 "i0";
    .port_info 1 /INPUT 1 "i1";
    .port_info 2 /INPUT 1 "j";
    .port_info 3 /OUTPUT 1 "o";
v0000028e729a1100_0 .net *"_ivl_0", 31 0, L_0000028e72a0df30;  1 drivers
L_0000028e729b2028 .functor BUFT 1, C4<0000000000000000000000000000000>, C4<0>, C4<0>, C4<0>;
v0000028e729a17e0_0 .net *"_ivl_3", 30 0, L_0000028e729b2028;  1 drivers
L_0000028e729b2070 .functor BUFT 1, C4<00000000000000000000000000000000>, C4<0>, C4<0>, C4<0>;
v0000028e729a0340_0 .net/2u *"_ivl_4", 31 0, L_0000028e729b2070;  1 drivers
v0000028e729a1ce0_0 .net *"_ivl_6", 0 0, L_0000028e72a0f970;  1 drivers
v0000028e729a05c0_0 .net "i0", 0 0, L_0000028e72a0e890;  1 drivers
v0000028e729a1740_0 .net "i1", 0 0, L_0000028e72a0db70;  1 drivers
v0000028e729a1420_0 .net "j", 0 0, o0000028e72944f18;  alias, 0 drivers
v0000028e729a1240_0 .net "o", 0 0, L_0000028e72a0ebb0;  alias, 1 drivers
L_0000028e72a0df30 .concat [ 1 31 0 0], o0000028e72944f18, L_0000028e729b2028;
L_0000028e72a0f970 .cmp/eq 32, L_0000028e72a0df30, L_0000028e729b2070;
L_0000028e72a0ebb0 .functor MUXZ 1, L_0000028e72a0db70, L_0000028e72a0e890, L_0000028e72a0f970, C4<>;
S_0000028e729a4b60 .scope module, "mux2_1" "mux2" 2 78, 2 71 0, S_0000028e729a5970;
 .timescale 0 0;
    .port_info 0 /INPUT 1 "i0";
    .port_info 1 /INPUT 1 "i1";
    .port_info 2 /INPUT 1 "j";
    .port_info 3 /OUTPUT 1 "o";
v0000028e729a12e0_0 .net *"_ivl_0", 31 0, L_0000028e72a0ef70;  1 drivers
L_0000028e729b20b8 .functor BUFT 1, C4<0000000000000000000000000000000>, C4<0>, C4<0>, C4<0>;
v0000028e729a0de0_0 .net *"_ivl_3", 30 0, L_0000028e729b20b8;  1 drivers
L_0000028e729b2100 .functor BUFT 1, C4<00000000000000000000000000000000>, C4<0>, C4<0>, C4<0>;
v0000028e729a1380_0 .net/2u *"_ivl_4", 31 0, L_0000028e729b2100;  1 drivers
v0000028e729a14c0_0 .net *"_ivl_6", 0 0, L_0000028e72a0e4d0;  1 drivers
v0000028e729a20a0_0 .net "i0", 0 0, L_0000028e72a0e250;  1 drivers
v0000028e729a2000_0 .net "i1", 0 0, L_0000028e72a0e7f0;  1 drivers
v0000028e729a2140_0 .net "j", 0 0, o0000028e72944f18;  alias, 0 drivers
v0000028e729a21e0_0 .net "o", 0 0, L_0000028e72a0f6f0;  alias, 1 drivers
L_0000028e72a0ef70 .concat [ 1 31 0 0], o0000028e72944f18, L_0000028e729b20b8;
L_0000028e72a0e4d0 .cmp/eq 32, L_0000028e72a0ef70, L_0000028e729b2100;
L_0000028e72a0f6f0 .functor MUXZ 1, L_0000028e72a0e7f0, L_0000028e72a0e250, L_0000028e72a0e4d0, C4<>;
S_0000028e729a51a0 .scope module, "mux2_2" "mux2" 2 79, 2 71 0, S_0000028e729a5970;
 .timescale 0 0;
    .port_info 0 /INPUT 1 "i0";
    .port_info 1 /INPUT 1 "i1";
    .port_info 2 /INPUT 1 "j";
    .port_info 3 /OUTPUT 1 "o";
v0000028e729a0660_0 .net *"_ivl_0", 31 0, L_0000028e72a0d2b0;  1 drivers
L_0000028e729b2148 .functor BUFT 1, C4<0000000000000000000000000000000>, C4<0>, C4<0>, C4<0>;
v0000028e729a2960_0 .net *"_ivl_3", 30 0, L_0000028e729b2148;  1 drivers
L_0000028e729b2190 .functor BUFT 1, C4<00000000000000000000000000000000>, C4<0>, C4<0>, C4<0>;
v0000028e729a2280_0 .net/2u *"_ivl_4", 31 0, L_0000028e729b2190;  1 drivers
v0000028e729a0e80_0 .net *"_ivl_6", 0 0, L_0000028e72a0d3f0;  1 drivers
v0000028e729a2500_0 .net "i0", 0 0, L_0000028e72a0ebb0;  alias, 1 drivers
v0000028e729a28c0_0 .net "i1", 0 0, L_0000028e72a0f6f0;  alias, 1 drivers
v0000028e729a02a0_0 .net "j", 0 0, o0000028e72945308;  alias, 0 drivers
v0000028e729a08e0_0 .net "o", 0 0, L_0000028e72a0eb10;  alias, 1 drivers
L_0000028e72a0d2b0 .concat [ 1 31 0 0], o0000028e72945308, L_0000028e729b2148;
L_0000028e72a0d3f0 .cmp/eq 32, L_0000028e72a0d2b0, L_0000028e729b2190;
L_0000028e72a0eb10 .functor MUXZ 1, L_0000028e72a0f6f0, L_0000028e72a0ebb0, L_0000028e72a0d3f0, C4<>;
S_0000028e72893b80 .scope module, "nand3" "nand3" 2 53;
 .timescale 0 0;
    .port_info 0 /INPUT 1 "i0";
    .port_info 1 /INPUT 1 "i1";
    .port_info 2 /INPUT 1 "i2";
    .port_info 3 /OUTPUT 1 "o";
o0000028e72945c98 .functor BUFZ 1, C4<z>; HiZ drive
v0000028e729a2c80_0 .net "i0", 0 0, o0000028e72945c98;  0 drivers
o0000028e72945cc8 .functor BUFZ 1, C4<z>; HiZ drive
v0000028e729a3b80_0 .net "i1", 0 0, o0000028e72945cc8;  0 drivers
o0000028e72945db8 .functor BUFZ 1, C4<z>; HiZ drive
v0000028e729a3cc0_0 .net "i2", 0 0, o0000028e72945db8;  0 drivers
v0000028e729a3d60_0 .net "o", 0 0, L_0000028e72a0f3d0;  1 drivers
v0000028e729a37c0_0 .net "t", 0 0, L_0000028e729b0870;  1 drivers
S_0000028e729a4520 .scope module, "and2_0" "and2" 2 55, 2 5 0, S_0000028e72893b80;
 .timescale 0 0;
    .port_info 0 /INPUT 1 "i0";
    .port_info 1 /INPUT 1 "i1";
    .port_info 2 /OUTPUT 1 "o";
L_0000028e729b0870 .functor AND 1, o0000028e72945c98, o0000028e72945cc8, C4<1>, C4<1>;
v0000028e729a0d40_0 .net "i0", 0 0, o0000028e72945c98;  alias, 0 drivers
v0000028e729a3a40_0 .net "i1", 0 0, o0000028e72945cc8;  alias, 0 drivers
v0000028e729a34a0_0 .net "o", 0 0, L_0000028e729b0870;  alias, 1 drivers
S_0000028e729a49d0 .scope module, "nand2_1" "nand2" 2 56, 2 17 0, S_0000028e72893b80;
 .timescale 0 0;
    .port_info 0 /INPUT 1 "i0";
    .port_info 1 /INPUT 1 "i1";
    .port_info 2 /OUTPUT 1 "o";
v0000028e729a3c20_0 .net "i0", 0 0, o0000028e72945db8;  alias, 0 drivers
v0000028e729a2a00_0 .net "i1", 0 0, L_0000028e729b0870;  alias, 1 drivers
v0000028e729a3ea0_0 .net "o", 0 0, L_0000028e72a0f3d0;  alias, 1 drivers
v0000028e729a2aa0_0 .net "t", 0 0, L_0000028e729b0250;  1 drivers
S_0000028e729a5b00 .scope module, "and2_0" "and2" 2 19, 2 5 0, S_0000028e729a49d0;
 .timescale 0 0;
    .port_info 0 /INPUT 1 "i0";
    .port_info 1 /INPUT 1 "i1";
    .port_info 2 /OUTPUT 1 "o";
L_0000028e729b0250 .functor AND 1, o0000028e72945db8, L_0000028e729b0870, C4<1>, C4<1>;
v0000028e729a2d20_0 .net "i0", 0 0, o0000028e72945db8;  alias, 0 drivers
v0000028e729a2be0_0 .net "i1", 0 0, L_0000028e729b0870;  alias, 1 drivers
v0000028e729a3540_0 .net "o", 0 0, L_0000028e729b0250;  alias, 1 drivers
S_0000028e729a4cf0 .scope module, "invert_0" "invert" 2 20, 2 1 0, S_0000028e729a49d0;
 .timescale 0 0;
    .port_info 0 /INPUT 1 "i";
    .port_info 1 /OUTPUT 1 "o";
v0000028e729a2f00_0 .net "i", 0 0, L_0000028e729b0250;  alias, 1 drivers
v0000028e729a3e00_0 .net "o", 0 0, L_0000028e72a0f3d0;  alias, 1 drivers
L_0000028e72a0f3d0 .reduce/nor L_0000028e729b0250;
S_0000028e725be910 .scope module, "nor3" "nor3" 2 47;
 .timescale 0 0;
    .port_info 0 /INPUT 1 "i0";
    .port_info 1 /INPUT 1 "i1";
    .port_info 2 /INPUT 1 "i2";
    .port_info 3 /OUTPUT 1 "o";
o0000028e729462c8 .functor BUFZ 1, C4<z>; HiZ drive
v0000028e729a2b40_0 .net "i0", 0 0, o0000028e729462c8;  0 drivers
o0000028e729462f8 .functor BUFZ 1, C4<z>; HiZ drive
v0000028e729a3900_0 .net "i1", 0 0, o0000028e729462f8;  0 drivers
o0000028e72946148 .functor BUFZ 1, C4<z>; HiZ drive
v0000028e729a30e0_0 .net "i2", 0 0, o0000028e72946148;  0 drivers
v0000028e729a3180_0 .net "o", 0 0, L_0000028e72a0d850;  1 drivers
v0000028e729a3360_0 .net "t", 0 0, L_0000028e729b0e20;  1 drivers
S_0000028e729a4e80 .scope module, "nor2_0" "nor2" 2 50, 2 23 0, S_0000028e725be910;
 .timescale 0 0;
    .port_info 0 /INPUT 1 "i0";
    .port_info 1 /INPUT 1 "i1";
    .port_info 2 /OUTPUT 1 "o";
v0000028e729a32c0_0 .net "i0", 0 0, o0000028e72946148;  alias, 0 drivers
v0000028e729a3720_0 .net "i1", 0 0, L_0000028e729b0e20;  alias, 1 drivers
v0000028e729a3f40_0 .net "o", 0 0, L_0000028e72a0d850;  alias, 1 drivers
v0000028e729a2fa0_0 .net "t", 0 0, L_0000028e729b08e0;  1 drivers
S_0000028e729a4200 .scope module, "invert_0" "invert" 2 26, 2 1 0, S_0000028e729a4e80;
 .timescale 0 0;
    .port_info 0 /INPUT 1 "i";
    .port_info 1 /OUTPUT 1 "o";
v0000028e729a2dc0_0 .net "i", 0 0, L_0000028e729b08e0;  alias, 1 drivers
v0000028e729a35e0_0 .net "o", 0 0, L_0000028e72a0d850;  alias, 1 drivers
L_0000028e72a0d850 .reduce/nor L_0000028e729b08e0;
S_0000028e729a5010 .scope module, "or2_0" "or2" 2 25, 2 9 0, S_0000028e729a4e80;
 .timescale 0 0;
    .port_info 0 /INPUT 1 "i0";
    .port_info 1 /INPUT 1 "i1";
    .port_info 2 /OUTPUT 1 "o";
L_0000028e729b08e0 .functor OR 1, o0000028e72946148, L_0000028e729b0e20, C4<0>, C4<0>;
v0000028e729a3860_0 .net "i0", 0 0, o0000028e72946148;  alias, 0 drivers
v0000028e729a2e60_0 .net "i1", 0 0, L_0000028e729b0e20;  alias, 1 drivers
v0000028e729a3680_0 .net "o", 0 0, L_0000028e729b08e0;  alias, 1 drivers
S_0000028e729a5650 .scope module, "or2_0" "or2" 2 49, 2 9 0, S_0000028e725be910;
 .timescale 0 0;
    .port_info 0 /INPUT 1 "i0";
    .port_info 1 /INPUT 1 "i1";
    .port_info 2 /OUTPUT 1 "o";
L_0000028e729b0e20 .functor OR 1, o0000028e729462c8, o0000028e729462f8, C4<0>, C4<0>;
v0000028e729a3fe0_0 .net "i0", 0 0, o0000028e729462c8;  alias, 0 drivers
v0000028e729a3040_0 .net "i1", 0 0, o0000028e729462f8;  alias, 0 drivers
v0000028e729a4080_0 .net "o", 0 0, L_0000028e729b0e20;  alias, 1 drivers
S_0000028e725beaa0 .scope module, "or3" "or3" 2 41;
 .timescale 0 0;
    .port_info 0 /INPUT 1 "i0";
    .port_info 1 /INPUT 1 "i1";
    .port_info 2 /INPUT 1 "i2";
    .port_info 3 /OUTPUT 1 "o";
o0000028e72946478 .functor BUFZ 1, C4<z>; HiZ drive
v0000028e729a8e10_0 .net "i0", 0 0, o0000028e72946478;  0 drivers
o0000028e729464a8 .functor BUFZ 1, C4<z>; HiZ drive
v0000028e729a8410_0 .net "i1", 0 0, o0000028e729464a8;  0 drivers
o0000028e72946598 .functor BUFZ 1, C4<z>; HiZ drive
v0000028e729a9090_0 .net "i2", 0 0, o0000028e72946598;  0 drivers
v0000028e729aa3f0_0 .net "o", 0 0, L_0000028e729b02c0;  1 drivers
v0000028e729aa710_0 .net "t", 0 0, L_0000028e729b0f70;  1 drivers
S_0000028e729a5c90 .scope module, "or2_0" "or2" 2 43, 2 9 0, S_0000028e725beaa0;
 .timescale 0 0;
    .port_info 0 /INPUT 1 "i0";
    .port_info 1 /INPUT 1 "i1";
    .port_info 2 /OUTPUT 1 "o";
L_0000028e729b0f70 .functor OR 1, o0000028e72946478, o0000028e729464a8, C4<0>, C4<0>;
v0000028e729a39a0_0 .net "i0", 0 0, o0000028e72946478;  alias, 0 drivers
v0000028e729a3ae0_0 .net "i1", 0 0, o0000028e729464a8;  alias, 0 drivers
v0000028e729a3400_0 .net "o", 0 0, L_0000028e729b0f70;  alias, 1 drivers
S_0000028e729a5e20 .scope module, "or2_1" "or2" 2 44, 2 9 0, S_0000028e725beaa0;
 .timescale 0 0;
    .port_info 0 /INPUT 1 "i0";
    .port_info 1 /INPUT 1 "i1";
    .port_info 2 /OUTPUT 1 "o";
L_0000028e729b02c0 .functor OR 1, o0000028e72946598, L_0000028e729b0f70, C4<0>, C4<0>;
v0000028e729a3220_0 .net "i0", 0 0, o0000028e72946598;  alias, 0 drivers
v0000028e729a9db0_0 .net "i1", 0 0, L_0000028e729b0f70;  alias, 1 drivers
v0000028e729a9a90_0 .net "o", 0 0, L_0000028e729b02c0;  alias, 1 drivers
S_0000028e7288b370 .scope module, "xnor3" "xnor3" 2 65;
 .timescale 0 0;
    .port_info 0 /INPUT 1 "i0";
    .port_info 1 /INPUT 1 "i1";
    .port_info 2 /INPUT 1 "i2";
    .port_info 3 /OUTPUT 1 "o";
o0000028e72946988 .functor BUFZ 1, C4<z>; HiZ drive
v0000028e729a84b0_0 .net "i0", 0 0, o0000028e72946988;  0 drivers
o0000028e729469b8 .functor BUFZ 1, C4<z>; HiZ drive
v0000028e729aa670_0 .net "i1", 0 0, o0000028e729469b8;  0 drivers
o0000028e72946808 .functor BUFZ 1, C4<z>; HiZ drive
v0000028e729a8550_0 .net "i2", 0 0, o0000028e72946808;  0 drivers
v0000028e729a9130_0 .net "o", 0 0, L_0000028e72a0e930;  1 drivers
v0000028e729a8eb0_0 .net "t", 0 0, L_0000028e729b0aa0;  1 drivers
S_0000028e729a5330 .scope module, "xnor2_0" "xnor2" 2 68, 2 29 0, S_0000028e7288b370;
 .timescale 0 0;
    .port_info 0 /INPUT 1 "i0";
    .port_info 1 /INPUT 1 "i1";
    .port_info 2 /OUTPUT 1 "o";
v0000028e729a99f0_0 .net "i0", 0 0, o0000028e72946808;  alias, 0 drivers
v0000028e729a85f0_0 .net "i1", 0 0, L_0000028e729b0aa0;  alias, 1 drivers
v0000028e729a9630_0 .net "o", 0 0, L_0000028e72a0e930;  alias, 1 drivers
v0000028e729a9310_0 .net "t", 0 0, L_0000028e72a118d0;  1 drivers
S_0000028e729a54c0 .scope module, "invert_0" "invert" 2 32, 2 1 0, S_0000028e729a5330;
 .timescale 0 0;
    .port_info 0 /INPUT 1 "i";
    .port_info 1 /OUTPUT 1 "o";
v0000028e729aa210_0 .net "i", 0 0, L_0000028e72a118d0;  alias, 1 drivers
v0000028e729a8730_0 .net "o", 0 0, L_0000028e72a0e930;  alias, 1 drivers
L_0000028e72a0e930 .reduce/nor L_0000028e72a118d0;
S_0000028e729a5fb0 .scope module, "xor2_0" "xor2" 2 31, 2 13 0, S_0000028e729a5330;
 .timescale 0 0;
    .port_info 0 /INPUT 1 "i0";
    .port_info 1 /INPUT 1 "i1";
    .port_info 2 /OUTPUT 1 "o";
L_0000028e72a118d0 .functor XOR 1, o0000028e72946808, L_0000028e729b0aa0, C4<0>, C4<0>;
v0000028e729aa7b0_0 .net "i0", 0 0, o0000028e72946808;  alias, 0 drivers
v0000028e729a9270_0 .net "i1", 0 0, L_0000028e729b0aa0;  alias, 1 drivers
v0000028e729a87d0_0 .net "o", 0 0, L_0000028e72a118d0;  alias, 1 drivers
S_0000028e729a4390 .scope module, "xor2_0" "xor2" 2 67, 2 13 0, S_0000028e7288b370;
 .timescale 0 0;
    .port_info 0 /INPUT 1 "i0";
    .port_info 1 /INPUT 1 "i1";
    .port_info 2 /OUTPUT 1 "o";
L_0000028e729b0aa0 .functor XOR 1, o0000028e72946988, o0000028e729469b8, C4<0>, C4<0>;
v0000028e729a8a50_0 .net "i0", 0 0, o0000028e72946988;  alias, 0 drivers
v0000028e729aa2b0_0 .net "i1", 0 0, o0000028e729469b8;  alias, 0 drivers
v0000028e729a9ef0_0 .net "o", 0 0, L_0000028e729b0aa0;  alias, 1 drivers
S_0000028e7288b500 .scope module, "xor3" "xor3" 2 59;
 .timescale 0 0;
    .port_info 0 /INPUT 1 "i0";
    .port_info 1 /INPUT 1 "i1";
    .port_info 2 /INPUT 1 "i2";
    .port_info 3 /OUTPUT 1 "o";
o0000028e72946b38 .functor BUFZ 1, C4<z>; HiZ drive
v0000028e729a93b0_0 .net "i0", 0 0, o0000028e72946b38;  0 drivers
o0000028e72946b68 .functor BUFZ 1, C4<z>; HiZ drive
v0000028e729a89b0_0 .net "i1", 0 0, o0000028e72946b68;  0 drivers
o0000028e72946c58 .functor BUFZ 1, C4<z>; HiZ drive
v0000028e729a8910_0 .net "i2", 0 0, o0000028e72946c58;  0 drivers
v0000028e729a8370_0 .net "o", 0 0, L_0000028e72a115c0;  1 drivers
v0000028e729a8870_0 .net "t", 0 0, L_0000028e72a12190;  1 drivers
S_0000028e729adfe0 .scope module, "xor2_0" "xor2" 2 61, 2 13 0, S_0000028e7288b500;
 .timescale 0 0;
    .port_info 0 /INPUT 1 "i0";
    .port_info 1 /INPUT 1 "i1";
    .port_info 2 /OUTPUT 1 "o";
L_0000028e72a12190 .functor XOR 1, o0000028e72946b38, o0000028e72946b68, C4<0>, C4<0>;
v0000028e729a9c70_0 .net "i0", 0 0, o0000028e72946b38;  alias, 0 drivers
v0000028e729a8690_0 .net "i1", 0 0, o0000028e72946b68;  alias, 0 drivers
v0000028e729a9b30_0 .net "o", 0 0, L_0000028e72a12190;  alias, 1 drivers
S_0000028e729ad1d0 .scope module, "xor2_1" "xor2" 2 62, 2 13 0, S_0000028e7288b500;
 .timescale 0 0;
    .port_info 0 /INPUT 1 "i0";
    .port_info 1 /INPUT 1 "i1";
    .port_info 2 /OUTPUT 1 "o";
L_0000028e72a115c0 .functor XOR 1, o0000028e72946c58, L_0000028e72a12190, C4<0>, C4<0>;
v0000028e729a8f50_0 .net "i0", 0 0, o0000028e72946c58;  alias, 0 drivers
v0000028e729aa350_0 .net "i1", 0 0, L_0000028e72a12190;  alias, 1 drivers
v0000028e729a9bd0_0 .net "o", 0 0, L_0000028e72a115c0;  alias, 1 drivers
    .scope S_0000028e72985150;
T_0 ;
    %wait E_0000028e7292b210;
    %load/vec4 v0000028e7293dd00_0;
    %assign/vec4 v0000028e7293e2a0_0, 0;
    %jmp T_0;
    .thread T_0;
    .scope S_0000028e729895c0;
T_1 ;
    %wait E_0000028e7292b210;
    %load/vec4 v0000028e72986de0_0;
    %assign/vec4 v0000028e72986340_0, 0;
    %jmp T_1;
    .thread T_1;
    .scope S_0000028e729892a0;
T_2 ;
    %wait E_0000028e7292b210;
    %load/vec4 v0000028e729868e0_0;
    %assign/vec4 v0000028e72987f60_0, 0;
    %jmp T_2;
    .thread T_2;
    .scope S_0000028e72989d90;
T_3 ;
    %wait E_0000028e7292b210;
    %load/vec4 v0000028e7298aa40_0;
    %assign/vec4 v0000028e7298aea0_0, 0;
    %jmp T_3;
    .thread T_3;
    .scope S_0000028e7298d770;
T_4 ;
    %wait E_0000028e7292b490;
    %load/vec4 v0000028e7299f3f0_0;
    %assign/vec4 v0000028e7299fa30_0, 0;
    %jmp T_4;
    .thread T_4;
# The file index is used to find the file name in the following table.
:file_names 4;
    "N/A";
    "<interactive>";
    "./lib.v";
    ".\binarycounter.v";
